#
# There is insufficient memory for the Java Runtime Environment to continue.
# Native memory allocation (malloc) failed to allocate 32744 bytes for ChunkPool::allocate
# Possible reasons:
#   The system is out of physical RAM or swap space
#   The process is running with CompressedOops enabled, and the Java Heap may be blocking the growth of the native heap
# Possible solutions:
#   Reduce memory load on the system
#   Increase physical memory or swap space
#   Check if swap backing store is full
#   Decrease Java heap size (-Xmx/-Xms)
#   Decrease number of Java threads
#   Decrease Java thread stack sizes (-Xss)
#   Set larger code cache with -XX:ReservedCodeCacheSize=
#   JVM is running with Zero Based Compressed Oops mode in which the Java heap is
#     placed in the first 32GB address space. The Java Heap base address is the
#     maximum limit for the native heap growth. Please use -XX:HeapBaseMinAddress
#     to set the Java Heap base and to place the Java Heap above 32GB virtual address.
# This output file may be truncated or incomplete.
#
#  Out of Memory Error (./open/src/hotspot/share/memory/arena.cpp:79), pid=1300, tid=5528
#
# JRE version: Java(TM) SE Runtime Environment (14.0.2+12) (build 14.0.2+12-46)
# Java VM: Java HotSpot(TM) 64-Bit Server VM (14.0.2+12-46, mixed mode, sharing, tiered, compressed oops, g1 gc, windows-amd64)
# No core dump will be written. Minidumps are not enabled by default on client versions of Windows
#

---------------  S U M M A R Y ------------

Command Line: -Dmaven.multiModuleProjectDirectory=D:\main1\spring-mvc-1 -Dmaven.home=D:\Новая папка (2)\IntelliJ IDEA 2020.2.3\plugins\maven\lib\maven3 -Dclassworlds.conf=D:\Новая папка (2)\IntelliJ IDEA 2020.2.3\plugins\maven\lib\maven3\bin\m2.conf -Dmaven.ext.class.path=D:\Новая папка (2)\IntelliJ IDEA 2020.2.3\plugins\maven\lib\maven-event-listener.jar -javaagent:D:\Новая папка (2)\IntelliJ IDEA 2020.2.3\lib\idea_rt.jar=51337:D:\Новая папка (2)\IntelliJ IDEA 2020.2.3\bin -Dfile.encoding=UTF-8 org.codehaus.classworlds.Launcher -Didea.version=2020.2.3 clean

Host: Intel(R) Core(TM) i7-7700HQ CPU @ 2.80GHz, 8 cores, 11G,  Windows 10 , 64 bit Build 18362 (10.0.18362.778)
Time: Thu Oct 29 16:33:38 2020 RTZ 2 (ceia) elapsed time: 0 seconds (0d 0h 0m 0s)

---------------  T H R E A D  ---------------

Current thread (0x0000026eefab0800):  JavaThread "C2 CompilerThread2" daemon [_thread_in_native, id=5528, stack(0x00000079f8300000,0x00000079f8400000)]


Current CompileTask:
C2:    786 1497   !   4       java.util.concurrent.ConcurrentHashMap::transfer (849 bytes)

Stack: [0x00000079f8300000,0x00000079f8400000]
Native frames: (J=compiled Java code, j=interpreted, Vv=VM code, C=native code)
V  [jvm.dll+0x5f8a9a]
V  [jvm.dll+0x74247a]
V  [jvm.dll+0x743c2f]
V  [jvm.dll+0x744273]
V  [jvm.dll+0x20d288]
V  [jvm.dll+0xabea6]
V  [jvm.dll+0xac1fc]
V  [jvm.dll+0x50cfb5]
V  [jvm.dll+0x1ee1da]
V  [jvm.dll+0x1e7cfb]
V  [jvm.dll+0x1e4f98]
V  [jvm.dll+0x1779cc]
V  [jvm.dll+0x1f4105]
V  [jvm.dll+0x1f22eb]
V  [jvm.dll+0x7070cd]
V  [jvm.dll+0x6ffeda]
V  [jvm.dll+0x5f78f6]
C  [ucrtbase.dll+0x20e72]
C  [KERNEL32.DLL+0x17bd4]
C  [ntdll.dll+0x6ce51]


---------------  P R O C E S S  ---------------

Threads class SMR info:
_java_thread_list=0x0000026ef0502bf0, length=14, elements={
0x0000026ecd3d2000, 0x0000026eef31e800, 0x0000026eef31f800, 0x0000026eef340800,
0x0000026eef343800, 0x0000026eef346000, 0x0000026eef34a000, 0x0000026eef353000,
0x0000026eef37e800, 0x0000026eef4a3800, 0x0000026eef4ce000, 0x0000026eef4a5000,
0x0000026eef4a1800, 0x0000026eefab0800
}

Java Threads: ( => current thread )
  0x0000026ecd3d2000 JavaThread "main" [_thread_in_vm, id=14416, stack(0x00000079f6c00000,0x00000079f6d00000)]
  0x0000026eef31e800 JavaThread "Reference Handler" daemon [_thread_blocked, id=10144, stack(0x00000079f7300000,0x00000079f7400000)]
  0x0000026eef31f800 JavaThread "Finalizer" daemon [_thread_blocked, id=18220, stack(0x00000079f7400000,0x00000079f7500000)]
  0x0000026eef340800 JavaThread "Signal Dispatcher" daemon [_thread_blocked, id=4644, stack(0x00000079f7500000,0x00000079f7600000)]
  0x0000026eef343800 JavaThread "Attach Listener" daemon [_thread_blocked, id=13572, stack(0x00000079f7600000,0x00000079f7700000)]
  0x0000026eef346000 JavaThread "Service Thread" daemon [_thread_blocked, id=11548, stack(0x00000079f7700000,0x00000079f7800000)]
  0x0000026eef34a000 JavaThread "C2 CompilerThread0" daemon [_thread_in_native, id=19376, stack(0x00000079f7800000,0x00000079f7900000)]
  0x0000026eef353000 JavaThread "C1 CompilerThread0" daemon [_thread_blocked, id=92, stack(0x00000079f7900000,0x00000079f7a00000)]
  0x0000026eef37e800 JavaThread "Sweeper thread" daemon [_thread_blocked, id=7340, stack(0x00000079f7a00000,0x00000079f7b00000)]
  0x0000026eef4a3800 JavaThread "Common-Cleaner" daemon [_thread_blocked, id=18896, stack(0x00000079f7b00000,0x00000079f7c00000)]
  0x0000026eef4ce000 JavaThread "C2 CompilerThread1" daemon [_thread_in_native, id=9704, stack(0x00000079f7c00000,0x00000079f7d00000)]
  0x0000026eef4a5000 JavaThread "Monitor Ctrl-Break" daemon [_thread_in_native, id=3512, stack(0x00000079f7d00000,0x00000079f7e00000)]
  0x0000026eef4a1800 JavaThread "Notification Thread" daemon [_thread_blocked, id=3184, stack(0x00000079f7e00000,0x00000079f7f00000)]
=>0x0000026eefab0800 JavaThread "C2 CompilerThread2" daemon [_thread_in_native, id=5528, stack(0x00000079f8300000,0x00000079f8400000)]

Other Threads:
  0x0000026eef31d800 VMThread "VM Thread" [stack: 0x00000079f7200000,0x00000079f7300000] [id=16808]
  0x0000026eef576800 WatcherThread [stack: 0x00000079f7f00000,0x00000079f8000000] [id=7860]
  0x0000026ecd426000 GCTaskThread "GC Thread#0" [stack: 0x00000079f6d00000,0x00000079f6e00000] [id=17560]
  0x0000026eefff1800 GCTaskThread "GC Thread#1" [stack: 0x00000079f8000000,0x00000079f8100000] [id=15708]
  0x0000026ef066b000 GCTaskThread "GC Thread#2" [stack: 0x00000079f8100000,0x00000079f8200000] [id=18224]
  0x0000026ef066c000 GCTaskThread "GC Thread#3" [stack: 0x00000079f8200000,0x00000079f8300000] [id=18892]
  0x0000026ecd43f800 ConcurrentGCThread "G1 Main Marker" [stack: 0x00000079f6e00000,0x00000079f6f00000] [id=10552]
  0x0000026ecd442000 ConcurrentGCThread "G1 Conc#0" [stack: 0x00000079f6f00000,0x00000079f7000000] [id=3380]
  0x0000026eee98f800 ConcurrentGCThread "G1 Refine#0" [stack: 0x00000079f7000000,0x00000079f7100000] [id=12764]
  0x0000026eee990000 ConcurrentGCThread "G1 Young RemSet Sampling" [stack: 0x00000079f7100000,0x00000079f7200000] [id=6228]

Threads with active compile tasks:
C2 CompilerThread0      813 1524       4       java.lang.StringLatin1::compareTo (52 bytes)
C2 CompilerThread1      813 1398       4       jdk.internal.module.SystemModuleFinders$SystemModuleReader::find (54 bytes)
C2 CompilerThread2      813 1497   !   4       java.util.concurrent.ConcurrentHashMap::transfer (849 bytes)

VM state:not at safepoint (normal execution)

VM Mutex/Monitor currently owned by a thread: None

Heap address: 0x0000000741c00000, size: 3044 MB, Compressed Oops mode: Zero based, Oop shift amount: 3
Narrow klass base: 0x0000000800000000, Narrow klass shift: 3
Compressed class space size: 1073741824 Address: 0x0000000800b30000

Heap:
 garbage-first heap   total 196608K, used 5707K [0x0000000741c00000, 0x0000000800000000)
  region size 1024K, 4 young (4096K), 2 survivors (2048K)
 Metaspace       used 8783K, capacity 10467K, committed 10496K, reserved 1058816K
  class space    used 1042K, capacity 1277K, committed 1280K, reserved 1048576K
Heap Regions: E=young(eden), S=young(survivor), O=old, HS=humongous(starts), HC=humongous(continues), CS=collection set, F=free, OA=open archive, CA=closed archive, TAMS=top-at-mark-start (previous, next)
|   0|0x0000000741c00000, 0x0000000741d00000, 0x0000000741d00000|100%| O|  |TAMS 0x0000000741c00000, 0x0000000741c00000| Untracked 
|   1|0x0000000741d00000, 0x0000000741e00000, 0x0000000741e00000|100%| O|  |TAMS 0x0000000741d00000, 0x0000000741d00000| Untracked 
|   2|0x0000000741e00000, 0x0000000741f00000, 0x0000000741f00000|100%| O|  |TAMS 0x0000000741e00000, 0x0000000741e00000| Untracked 
|   3|0x0000000741f00000, 0x0000000741f7a000, 0x0000000742000000| 47%| O|  |TAMS 0x0000000741f00000, 0x0000000741f00000| Untracked 
|   4|0x0000000742000000, 0x0000000742000000, 0x0000000742100000|  0%| F|  |TAMS 0x0000000742000000, 0x0000000742000000| Untracked 
|   5|0x0000000742100000, 0x0000000742100000, 0x0000000742200000|  0%| F|  |TAMS 0x0000000742100000, 0x0000000742100000| Untracked 
|   6|0x0000000742200000, 0x0000000742200000, 0x0000000742300000|  0%| F|  |TAMS 0x0000000742200000, 0x0000000742200000| Untracked 
|   7|0x0000000742300000, 0x0000000742300000, 0x0000000742400000|  0%| F|  |TAMS 0x0000000742300000, 0x0000000742300000| Untracked 
|   8|0x0000000742400000, 0x0000000742400000, 0x0000000742500000|  0%| F|  |TAMS 0x0000000742400000, 0x0000000742400000| Untracked 
|   9|0x0000000742500000, 0x0000000742500000, 0x0000000742600000|  0%| F|  |TAMS 0x0000000742500000, 0x0000000742500000| Untracked 
|  10|0x0000000742600000, 0x0000000742600000, 0x0000000742700000|  0%| F|  |TAMS 0x0000000742600000, 0x0000000742600000| Untracked 
|  11|0x0000000742700000, 0x0000000742700000, 0x0000000742800000|  0%| F|  |TAMS 0x0000000742700000, 0x0000000742700000| Untracked 
|  12|0x0000000742800000, 0x0000000742800000, 0x0000000742900000|  0%| F|  |TAMS 0x0000000742800000, 0x0000000742800000| Untracked 
|  13|0x0000000742900000, 0x0000000742900000, 0x0000000742a00000|  0%| F|  |TAMS 0x0000000742900000, 0x0000000742900000| Untracked 
|  14|0x0000000742a00000, 0x0000000742a00000, 0x0000000742b00000|  0%| F|  |TAMS 0x0000000742a00000, 0x0000000742a00000| Untracked 
|  15|0x0000000742b00000, 0x0000000742b00000, 0x0000000742c00000|  0%| F|  |TAMS 0x0000000742b00000, 0x0000000742b00000| Untracked 
|  16|0x0000000742c00000, 0x0000000742c00000, 0x0000000742d00000|  0%| F|  |TAMS 0x0000000742c00000, 0x0000000742c00000| Untracked 
|  17|0x0000000742d00000, 0x0000000742d00000, 0x0000000742e00000|  0%| F|  |TAMS 0x0000000742d00000, 0x0000000742d00000| Untracked 
|  18|0x0000000742e00000, 0x0000000742e00000, 0x0000000742f00000|  0%| F|  |TAMS 0x0000000742e00000, 0x0000000742e00000| Untracked 
|  19|0x0000000742f00000, 0x0000000742f00000, 0x0000000743000000|  0%| F|  |TAMS 0x0000000742f00000, 0x0000000742f00000| Untracked 
|  20|0x0000000743000000, 0x0000000743000000, 0x0000000743100000|  0%| F|  |TAMS 0x0000000743000000, 0x0000000743000000| Untracked 
|  21|0x0000000743100000, 0x0000000743100000, 0x0000000743200000|  0%| F|  |TAMS 0x0000000743100000, 0x0000000743100000| Untracked 
|  22|0x0000000743200000, 0x0000000743200000, 0x0000000743300000|  0%| F|  |TAMS 0x0000000743200000, 0x0000000743200000| Untracked 
|  23|0x0000000743300000, 0x0000000743300000, 0x0000000743400000|  0%| F|  |TAMS 0x0000000743300000, 0x0000000743300000| Untracked 
|  24|0x0000000743400000, 0x0000000743400000, 0x0000000743500000|  0%| F|  |TAMS 0x0000000743400000, 0x0000000743400000| Untracked 
|  25|0x0000000743500000, 0x0000000743500000, 0x0000000743600000|  0%| F|  |TAMS 0x0000000743500000, 0x0000000743500000| Untracked 
|  26|0x0000000743600000, 0x0000000743600000, 0x0000000743700000|  0%| F|  |TAMS 0x0000000743600000, 0x0000000743600000| Untracked 
|  27|0x0000000743700000, 0x0000000743700000, 0x0000000743800000|  0%| F|  |TAMS 0x0000000743700000, 0x0000000743700000| Untracked 
|  28|0x0000000743800000, 0x0000000743800000, 0x0000000743900000|  0%| F|  |TAMS 0x0000000743800000, 0x0000000743800000| Untracked 
|  29|0x0000000743900000, 0x0000000743900000, 0x0000000743a00000|  0%| F|  |TAMS 0x0000000743900000, 0x0000000743900000| Untracked 
|  30|0x0000000743a00000, 0x0000000743a00000, 0x0000000743b00000|  0%| F|  |TAMS 0x0000000743a00000, 0x0000000743a00000| Untracked 
|  31|0x0000000743b00000, 0x0000000743b00000, 0x0000000743c00000|  0%| F|  |TAMS 0x0000000743b00000, 0x0000000743b00000| Untracked 
|  32|0x0000000743c00000, 0x0000000743c00000, 0x0000000743d00000|  0%| F|  |TAMS 0x0000000743c00000, 0x0000000743c00000| Untracked 
|  33|0x0000000743d00000, 0x0000000743d00000, 0x0000000743e00000|  0%| F|  |TAMS 0x0000000743d00000, 0x0000000743d00000| Untracked 
|  34|0x0000000743e00000, 0x0000000743e00000, 0x0000000743f00000|  0%| F|  |TAMS 0x0000000743e00000, 0x0000000743e00000| Untracked 
|  35|0x0000000743f00000, 0x0000000743f00000, 0x0000000744000000|  0%| F|  |TAMS 0x0000000743f00000, 0x0000000743f00000| Untracked 
|  36|0x0000000744000000, 0x0000000744000000, 0x0000000744100000|  0%| F|  |TAMS 0x0000000744000000, 0x0000000744000000| Untracked 
|  37|0x0000000744100000, 0x0000000744100000, 0x0000000744200000|  0%| F|  |TAMS 0x0000000744100000, 0x0000000744100000| Untracked 
|  38|0x0000000744200000, 0x0000000744200000, 0x0000000744300000|  0%| F|  |TAMS 0x0000000744200000, 0x0000000744200000| Untracked 
|  39|0x0000000744300000, 0x0000000744300000, 0x0000000744400000|  0%| F|  |TAMS 0x0000000744300000, 0x0000000744300000| Untracked 
|  40|0x0000000744400000, 0x0000000744400000, 0x0000000744500000|  0%| F|  |TAMS 0x0000000744400000, 0x0000000744400000| Untracked 
|  41|0x0000000744500000, 0x0000000744500000, 0x0000000744600000|  0%| F|  |TAMS 0x0000000744500000, 0x0000000744500000| Untracked 
|  42|0x0000000744600000, 0x0000000744600000, 0x0000000744700000|  0%| F|  |TAMS 0x0000000744600000, 0x0000000744600000| Untracked 
|  43|0x0000000744700000, 0x0000000744700000, 0x0000000744800000|  0%| F|  |TAMS 0x0000000744700000, 0x0000000744700000| Untracked 
|  44|0x0000000744800000, 0x0000000744800000, 0x0000000744900000|  0%| F|  |TAMS 0x0000000744800000, 0x0000000744800000| Untracked 
|  45|0x0000000744900000, 0x0000000744900000, 0x0000000744a00000|  0%| F|  |TAMS 0x0000000744900000, 0x0000000744900000| Untracked 
|  46|0x0000000744a00000, 0x0000000744a00000, 0x0000000744b00000|  0%| F|  |TAMS 0x0000000744a00000, 0x0000000744a00000| Untracked 
|  47|0x0000000744b00000, 0x0000000744b00000, 0x0000000744c00000|  0%| F|  |TAMS 0x0000000744b00000, 0x0000000744b00000| Untracked 
|  48|0x0000000744c00000, 0x0000000744c00000, 0x0000000744d00000|  0%| F|  |TAMS 0x0000000744c00000, 0x0000000744c00000| Untracked 
|  49|0x0000000744d00000, 0x0000000744d00000, 0x0000000744e00000|  0%| F|  |TAMS 0x0000000744d00000, 0x0000000744d00000| Untracked 
|  50|0x0000000744e00000, 0x0000000744e00000, 0x0000000744f00000|  0%| F|  |TAMS 0x0000000744e00000, 0x0000000744e00000| Untracked 
|  51|0x0000000744f00000, 0x0000000744f00000, 0x0000000745000000|  0%| F|  |TAMS 0x0000000744f00000, 0x0000000744f00000| Untracked 
|  52|0x0000000745000000, 0x0000000745000000, 0x0000000745100000|  0%| F|  |TAMS 0x0000000745000000, 0x0000000745000000| Untracked 
|  53|0x0000000745100000, 0x0000000745100000, 0x0000000745200000|  0%| F|  |TAMS 0x0000000745100000, 0x0000000745100000| Untracked 
|  54|0x0000000745200000, 0x0000000745200000, 0x0000000745300000|  0%| F|  |TAMS 0x0000000745200000, 0x0000000745200000| Untracked 
|  55|0x0000000745300000, 0x0000000745300000, 0x0000000745400000|  0%| F|  |TAMS 0x0000000745300000, 0x0000000745300000| Untracked 
|  56|0x0000000745400000, 0x0000000745400000, 0x0000000745500000|  0%| F|  |TAMS 0x0000000745400000, 0x0000000745400000| Untracked 
|  57|0x0000000745500000, 0x0000000745500000, 0x0000000745600000|  0%| F|  |TAMS 0x0000000745500000, 0x0000000745500000| Untracked 
|  58|0x0000000745600000, 0x0000000745600000, 0x0000000745700000|  0%| F|  |TAMS 0x0000000745600000, 0x0000000745600000| Untracked 
|  59|0x0000000745700000, 0x0000000745700000, 0x0000000745800000|  0%| F|  |TAMS 0x0000000745700000, 0x0000000745700000| Untracked 
|  60|0x0000000745800000, 0x0000000745800000, 0x0000000745900000|  0%| F|  |TAMS 0x0000000745800000, 0x0000000745800000| Untracked 
|  61|0x0000000745900000, 0x0000000745900000, 0x0000000745a00000|  0%| F|  |TAMS 0x0000000745900000, 0x0000000745900000| Untracked 
|  62|0x0000000745a00000, 0x0000000745a00000, 0x0000000745b00000|  0%| F|  |TAMS 0x0000000745a00000, 0x0000000745a00000| Untracked 
|  63|0x0000000745b00000, 0x0000000745b00000, 0x0000000745c00000|  0%| F|  |TAMS 0x0000000745b00000, 0x0000000745b00000| Untracked 
|  64|0x0000000745c00000, 0x0000000745c00000, 0x0000000745d00000|  0%| F|  |TAMS 0x0000000745c00000, 0x0000000745c00000| Untracked 
|  65|0x0000000745d00000, 0x0000000745d00000, 0x0000000745e00000|  0%| F|  |TAMS 0x0000000745d00000, 0x0000000745d00000| Untracked 
|  66|0x0000000745e00000, 0x0000000745e00000, 0x0000000745f00000|  0%| F|  |TAMS 0x0000000745e00000, 0x0000000745e00000| Untracked 
|  67|0x0000000745f00000, 0x0000000745f00000, 0x0000000746000000|  0%| F|  |TAMS 0x0000000745f00000, 0x0000000745f00000| Untracked 
|  68|0x0000000746000000, 0x0000000746000000, 0x0000000746100000|  0%| F|  |TAMS 0x0000000746000000, 0x0000000746000000| Untracked 
|  69|0x0000000746100000, 0x0000000746100000, 0x0000000746200000|  0%| F|  |TAMS 0x0000000746100000, 0x0000000746100000| Untracked 
|  70|0x0000000746200000, 0x0000000746200000, 0x0000000746300000|  0%| F|  |TAMS 0x0000000746200000, 0x0000000746200000| Untracked 
|  71|0x0000000746300000, 0x0000000746300000, 0x0000000746400000|  0%| F|  |TAMS 0x0000000746300000, 0x0000000746300000| Untracked 
|  72|0x0000000746400000, 0x0000000746400000, 0x0000000746500000|  0%| F|  |TAMS 0x0000000746400000, 0x0000000746400000| Untracked 
|  73|0x0000000746500000, 0x0000000746500000, 0x0000000746600000|  0%| F|  |TAMS 0x0000000746500000, 0x0000000746500000| Untracked 
|  74|0x0000000746600000, 0x0000000746600000, 0x0000000746700000|  0%| F|  |TAMS 0x0000000746600000, 0x0000000746600000| Untracked 
|  75|0x0000000746700000, 0x0000000746700000, 0x0000000746800000|  0%| F|  |TAMS 0x0000000746700000, 0x0000000746700000| Untracked 
|  76|0x0000000746800000, 0x0000000746800000, 0x0000000746900000|  0%| F|  |TAMS 0x0000000746800000, 0x0000000746800000| Untracked 
|  77|0x0000000746900000, 0x0000000746900000, 0x0000000746a00000|  0%| F|  |TAMS 0x0000000746900000, 0x0000000746900000| Untracked 
|  78|0x0000000746a00000, 0x0000000746a00000, 0x0000000746b00000|  0%| F|  |TAMS 0x0000000746a00000, 0x0000000746a00000| Untracked 
|  79|0x0000000746b00000, 0x0000000746b00000, 0x0000000746c00000|  0%| F|  |TAMS 0x0000000746b00000, 0x0000000746b00000| Untracked 
|  80|0x0000000746c00000, 0x0000000746c00000, 0x0000000746d00000|  0%| F|  |TAMS 0x0000000746c00000, 0x0000000746c00000| Untracked 
|  81|0x0000000746d00000, 0x0000000746d00000, 0x0000000746e00000|  0%| F|  |TAMS 0x0000000746d00000, 0x0000000746d00000| Untracked 
|  82|0x0000000746e00000, 0x0000000746e00000, 0x0000000746f00000|  0%| F|  |TAMS 0x0000000746e00000, 0x0000000746e00000| Untracked 
|  83|0x0000000746f00000, 0x0000000746f00000, 0x0000000747000000|  0%| F|  |TAMS 0x0000000746f00000, 0x0000000746f00000| Untracked 
|  84|0x0000000747000000, 0x0000000747000000, 0x0000000747100000|  0%| F|  |TAMS 0x0000000747000000, 0x0000000747000000| Untracked 
|  85|0x0000000747100000, 0x0000000747100000, 0x0000000747200000|  0%| F|  |TAMS 0x0000000747100000, 0x0000000747100000| Untracked 
|  86|0x0000000747200000, 0x0000000747200000, 0x0000000747300000|  0%| F|  |TAMS 0x0000000747200000, 0x0000000747200000| Untracked 
|  87|0x0000000747300000, 0x0000000747300000, 0x0000000747400000|  0%| F|  |TAMS 0x0000000747300000, 0x0000000747300000| Untracked 
|  88|0x0000000747400000, 0x0000000747400000, 0x0000000747500000|  0%| F|  |TAMS 0x0000000747400000, 0x0000000747400000| Untracked 
|  89|0x0000000747500000, 0x0000000747500000, 0x0000000747600000|  0%| F|  |TAMS 0x0000000747500000, 0x0000000747500000| Untracked 
|  90|0x0000000747600000, 0x0000000747600000, 0x0000000747700000|  0%| F|  |TAMS 0x0000000747600000, 0x0000000747600000| Untracked 
|  91|0x0000000747700000, 0x0000000747700000, 0x0000000747800000|  0%| F|  |TAMS 0x0000000747700000, 0x0000000747700000| Untracked 
|  92|0x0000000747800000, 0x0000000747800000, 0x0000000747900000|  0%| F|  |TAMS 0x0000000747800000, 0x0000000747800000| Untracked 
|  93|0x0000000747900000, 0x0000000747900000, 0x0000000747a00000|  0%| F|  |TAMS 0x0000000747900000, 0x0000000747900000| Untracked 
|  94|0x0000000747a00000, 0x0000000747a00000, 0x0000000747b00000|  0%| F|  |TAMS 0x0000000747a00000, 0x0000000747a00000| Untracked 
|  95|0x0000000747b00000, 0x0000000747b00000, 0x0000000747c00000|  0%| F|  |TAMS 0x0000000747b00000, 0x0000000747b00000| Untracked 
|  96|0x0000000747c00000, 0x0000000747c00000, 0x0000000747d00000|  0%| F|  |TAMS 0x0000000747c00000, 0x0000000747c00000| Untracked 
|  97|0x0000000747d00000, 0x0000000747d00000, 0x0000000747e00000|  0%| F|  |TAMS 0x0000000747d00000, 0x0000000747d00000| Untracked 
|  98|0x0000000747e00000, 0x0000000747e00000, 0x0000000747f00000|  0%| F|  |TAMS 0x0000000747e00000, 0x0000000747e00000| Untracked 
|  99|0x0000000747f00000, 0x0000000747f00000, 0x0000000748000000|  0%| F|  |TAMS 0x0000000747f00000, 0x0000000747f00000| Untracked 
| 100|0x0000000748000000, 0x0000000748000000, 0x0000000748100000|  0%| F|  |TAMS 0x0000000748000000, 0x0000000748000000| Untracked 
| 101|0x0000000748100000, 0x0000000748100000, 0x0000000748200000|  0%| F|  |TAMS 0x0000000748100000, 0x0000000748100000| Untracked 
| 102|0x0000000748200000, 0x0000000748200000, 0x0000000748300000|  0%| F|  |TAMS 0x0000000748200000, 0x0000000748200000| Untracked 
| 103|0x0000000748300000, 0x0000000748300000, 0x0000000748400000|  0%| F|  |TAMS 0x0000000748300000, 0x0000000748300000| Untracked 
| 104|0x0000000748400000, 0x0000000748400000, 0x0000000748500000|  0%| F|  |TAMS 0x0000000748400000, 0x0000000748400000| Untracked 
| 105|0x0000000748500000, 0x0000000748500000, 0x0000000748600000|  0%| F|  |TAMS 0x0000000748500000, 0x0000000748500000| Untracked 
| 106|0x0000000748600000, 0x0000000748600000, 0x0000000748700000|  0%| F|  |TAMS 0x0000000748600000, 0x0000000748600000| Untracked 
| 107|0x0000000748700000, 0x0000000748700000, 0x0000000748800000|  0%| F|  |TAMS 0x0000000748700000, 0x0000000748700000| Untracked 
| 108|0x0000000748800000, 0x0000000748800000, 0x0000000748900000|  0%| F|  |TAMS 0x0000000748800000, 0x0000000748800000| Untracked 
| 109|0x0000000748900000, 0x0000000748900000, 0x0000000748a00000|  0%| F|  |TAMS 0x0000000748900000, 0x0000000748900000| Untracked 
| 110|0x0000000748a00000, 0x0000000748a00000, 0x0000000748b00000|  0%| F|  |TAMS 0x0000000748a00000, 0x0000000748a00000| Untracked 
| 111|0x0000000748b00000, 0x0000000748b00000, 0x0000000748c00000|  0%| F|  |TAMS 0x0000000748b00000, 0x0000000748b00000| Untracked 
| 112|0x0000000748c00000, 0x0000000748c00000, 0x0000000748d00000|  0%| F|  |TAMS 0x0000000748c00000, 0x0000000748c00000| Untracked 
| 113|0x0000000748d00000, 0x0000000748d00000, 0x0000000748e00000|  0%| F|  |TAMS 0x0000000748d00000, 0x0000000748d00000| Untracked 
| 114|0x0000000748e00000, 0x0000000748e00000, 0x0000000748f00000|  0%| F|  |TAMS 0x0000000748e00000, 0x0000000748e00000| Untracked 
| 115|0x0000000748f00000, 0x0000000748f00000, 0x0000000749000000|  0%| F|  |TAMS 0x0000000748f00000, 0x0000000748f00000| Untracked 
| 116|0x0000000749000000, 0x0000000749000000, 0x0000000749100000|  0%| F|  |TAMS 0x0000000749000000, 0x0000000749000000| Untracked 
| 117|0x0000000749100000, 0x0000000749100000, 0x0000000749200000|  0%| F|  |TAMS 0x0000000749100000, 0x0000000749100000| Untracked 
| 118|0x0000000749200000, 0x0000000749200000, 0x0000000749300000|  0%| F|  |TAMS 0x0000000749200000, 0x0000000749200000| Untracked 
| 119|0x0000000749300000, 0x0000000749300000, 0x0000000749400000|  0%| F|  |TAMS 0x0000000749300000, 0x0000000749300000| Untracked 
| 120|0x0000000749400000, 0x0000000749400000, 0x0000000749500000|  0%| F|  |TAMS 0x0000000749400000, 0x0000000749400000| Untracked 
| 121|0x0000000749500000, 0x0000000749500000, 0x0000000749600000|  0%| F|  |TAMS 0x0000000749500000, 0x0000000749500000| Untracked 
| 122|0x0000000749600000, 0x0000000749600000, 0x0000000749700000|  0%| F|  |TAMS 0x0000000749600000, 0x0000000749600000| Untracked 
| 123|0x0000000749700000, 0x0000000749700000, 0x0000000749800000|  0%| F|  |TAMS 0x0000000749700000, 0x0000000749700000| Untracked 
| 124|0x0000000749800000, 0x0000000749800000, 0x0000000749900000|  0%| F|  |TAMS 0x0000000749800000, 0x0000000749800000| Untracked 
| 125|0x0000000749900000, 0x0000000749900000, 0x0000000749a00000|  0%| F|  |TAMS 0x0000000749900000, 0x0000000749900000| Untracked 
| 126|0x0000000749a00000, 0x0000000749a00000, 0x0000000749b00000|  0%| F|  |TAMS 0x0000000749a00000, 0x0000000749a00000| Untracked 
| 127|0x0000000749b00000, 0x0000000749b00000, 0x0000000749c00000|  0%| F|  |TAMS 0x0000000749b00000, 0x0000000749b00000| Untracked 
| 128|0x0000000749c00000, 0x0000000749c00000, 0x0000000749d00000|  0%| F|  |TAMS 0x0000000749c00000, 0x0000000749c00000| Untracked 
| 129|0x0000000749d00000, 0x0000000749d00000, 0x0000000749e00000|  0%| F|  |TAMS 0x0000000749d00000, 0x0000000749d00000| Untracked 
| 130|0x0000000749e00000, 0x0000000749e00000, 0x0000000749f00000|  0%| F|  |TAMS 0x0000000749e00000, 0x0000000749e00000| Untracked 
| 131|0x0000000749f00000, 0x0000000749f00000, 0x000000074a000000|  0%| F|  |TAMS 0x0000000749f00000, 0x0000000749f00000| Untracked 
| 132|0x000000074a000000, 0x000000074a000000, 0x000000074a100000|  0%| F|  |TAMS 0x000000074a000000, 0x000000074a000000| Untracked 
| 133|0x000000074a100000, 0x000000074a100000, 0x000000074a200000|  0%| F|  |TAMS 0x000000074a100000, 0x000000074a100000| Untracked 
| 134|0x000000074a200000, 0x000000074a200000, 0x000000074a300000|  0%| F|  |TAMS 0x000000074a200000, 0x000000074a200000| Untracked 
| 135|0x000000074a300000, 0x000000074a300000, 0x000000074a400000|  0%| F|  |TAMS 0x000000074a300000, 0x000000074a300000| Untracked 
| 136|0x000000074a400000, 0x000000074a400000, 0x000000074a500000|  0%| F|  |TAMS 0x000000074a400000, 0x000000074a400000| Untracked 
| 137|0x000000074a500000, 0x000000074a500000, 0x000000074a600000|  0%| F|  |TAMS 0x000000074a500000, 0x000000074a500000| Untracked 
| 138|0x000000074a600000, 0x000000074a600000, 0x000000074a700000|  0%| F|  |TAMS 0x000000074a600000, 0x000000074a600000| Untracked 
| 139|0x000000074a700000, 0x000000074a700000, 0x000000074a800000|  0%| F|  |TAMS 0x000000074a700000, 0x000000074a700000| Untracked 
| 140|0x000000074a800000, 0x000000074a800000, 0x000000074a900000|  0%| F|  |TAMS 0x000000074a800000, 0x000000074a800000| Untracked 
| 141|0x000000074a900000, 0x000000074a900000, 0x000000074aa00000|  0%| F|  |TAMS 0x000000074a900000, 0x000000074a900000| Untracked 
| 142|0x000000074aa00000, 0x000000074aa00000, 0x000000074ab00000|  0%| F|  |TAMS 0x000000074aa00000, 0x000000074aa00000| Untracked 
| 143|0x000000074ab00000, 0x000000074ab00000, 0x000000074ac00000|  0%| F|  |TAMS 0x000000074ab00000, 0x000000074ab00000| Untracked 
| 144|0x000000074ac00000, 0x000000074ac00000, 0x000000074ad00000|  0%| F|  |TAMS 0x000000074ac00000, 0x000000074ac00000| Untracked 
| 145|0x000000074ad00000, 0x000000074ad00000, 0x000000074ae00000|  0%| F|  |TAMS 0x000000074ad00000, 0x000000074ad00000| Untracked 
| 146|0x000000074ae00000, 0x000000074ae00000, 0x000000074af00000|  0%| F|  |TAMS 0x000000074ae00000, 0x000000074ae00000| Untracked 
| 147|0x000000074af00000, 0x000000074af00000, 0x000000074b000000|  0%| F|  |TAMS 0x000000074af00000, 0x000000074af00000| Untracked 
| 148|0x000000074b000000, 0x000000074b000000, 0x000000074b100000|  0%| F|  |TAMS 0x000000074b000000, 0x000000074b000000| Untracked 
| 149|0x000000074b100000, 0x000000074b100000, 0x000000074b200000|  0%| F|  |TAMS 0x000000074b100000, 0x000000074b100000| Untracked 
| 150|0x000000074b200000, 0x000000074b200000, 0x000000074b300000|  0%| F|  |TAMS 0x000000074b200000, 0x000000074b200000| Untracked 
| 151|0x000000074b300000, 0x000000074b300000, 0x000000074b400000|  0%| F|  |TAMS 0x000000074b300000, 0x000000074b300000| Untracked 
| 152|0x000000074b400000, 0x000000074b400000, 0x000000074b500000|  0%| F|  |TAMS 0x000000074b400000, 0x000000074b400000| Untracked 
| 153|0x000000074b500000, 0x000000074b500000, 0x000000074b600000|  0%| F|  |TAMS 0x000000074b500000, 0x000000074b500000| Untracked 
| 154|0x000000074b600000, 0x000000074b600000, 0x000000074b700000|  0%| F|  |TAMS 0x000000074b600000, 0x000000074b600000| Untracked 
| 155|0x000000074b700000, 0x000000074b700000, 0x000000074b800000|  0%| F|  |TAMS 0x000000074b700000, 0x000000074b700000| Untracked 
| 156|0x000000074b800000, 0x000000074b800000, 0x000000074b900000|  0%| F|  |TAMS 0x000000074b800000, 0x000000074b800000| Untracked 
| 157|0x000000074b900000, 0x000000074b900000, 0x000000074ba00000|  0%| F|  |TAMS 0x000000074b900000, 0x000000074b900000| Untracked 
| 158|0x000000074ba00000, 0x000000074ba18d38, 0x000000074bb00000|  9%| S|CS|TAMS 0x000000074ba00000, 0x000000074ba00000| Complete 
| 159|0x000000074bb00000, 0x000000074bc00000, 0x000000074bc00000|100%| S|CS|TAMS 0x000000074bb00000, 0x000000074bb00000| Complete 
| 160|0x000000074bc00000, 0x000000074bc00000, 0x000000074bd00000|  0%| F|  |TAMS 0x000000074bc00000, 0x000000074bc00000| Untracked 
| 161|0x000000074bd00000, 0x000000074bd00000, 0x000000074be00000|  0%| F|  |TAMS 0x000000074bd00000, 0x000000074bd00000| Untracked 
| 162|0x000000074be00000, 0x000000074be00000, 0x000000074bf00000|  0%| F|  |TAMS 0x000000074be00000, 0x000000074be00000| Untracked 
| 163|0x000000074bf00000, 0x000000074bf00000, 0x000000074c000000|  0%| F|  |TAMS 0x000000074bf00000, 0x000000074bf00000| Untracked 
| 164|0x000000074c000000, 0x000000074c000000, 0x000000074c100000|  0%| F|  |TAMS 0x000000074c000000, 0x000000074c000000| Untracked 
| 165|0x000000074c100000, 0x000000074c100000, 0x000000074c200000|  0%| F|  |TAMS 0x000000074c100000, 0x000000074c100000| Untracked 
| 166|0x000000074c200000, 0x000000074c200000, 0x000000074c300000|  0%| F|  |TAMS 0x000000074c200000, 0x000000074c200000| Untracked 
| 167|0x000000074c300000, 0x000000074c300000, 0x000000074c400000|  0%| F|  |TAMS 0x000000074c300000, 0x000000074c300000| Untracked 
| 168|0x000000074c400000, 0x000000074c400000, 0x000000074c500000|  0%| F|  |TAMS 0x000000074c400000, 0x000000074c400000| Untracked 
| 169|0x000000074c500000, 0x000000074c500000, 0x000000074c600000|  0%| F|  |TAMS 0x000000074c500000, 0x000000074c500000| Untracked 
| 170|0x000000074c600000, 0x000000074c600000, 0x000000074c700000|  0%| F|  |TAMS 0x000000074c600000, 0x000000074c600000| Untracked 
| 171|0x000000074c700000, 0x000000074c700000, 0x000000074c800000|  0%| F|  |TAMS 0x000000074c700000, 0x000000074c700000| Untracked 
| 172|0x000000074c800000, 0x000000074c800000, 0x000000074c900000|  0%| F|  |TAMS 0x000000074c800000, 0x000000074c800000| Untracked 
| 173|0x000000074c900000, 0x000000074c900000, 0x000000074ca00000|  0%| F|  |TAMS 0x000000074c900000, 0x000000074c900000| Untracked 
| 174|0x000000074ca00000, 0x000000074ca00000, 0x000000074cb00000|  0%| F|  |TAMS 0x000000074ca00000, 0x000000074ca00000| Untracked 
| 175|0x000000074cb00000, 0x000000074cb00000, 0x000000074cc00000|  0%| F|  |TAMS 0x000000074cb00000, 0x000000074cb00000| Untracked 
| 176|0x000000074cc00000, 0x000000074cc00000, 0x000000074cd00000|  0%| F|  |TAMS 0x000000074cc00000, 0x000000074cc00000| Untracked 
| 177|0x000000074cd00000, 0x000000074cd00000, 0x000000074ce00000|  0%| F|  |TAMS 0x000000074cd00000, 0x000000074cd00000| Untracked 
| 178|0x000000074ce00000, 0x000000074ce00000, 0x000000074cf00000|  0%| F|  |TAMS 0x000000074ce00000, 0x000000074ce00000| Untracked 
| 179|0x000000074cf00000, 0x000000074cf00000, 0x000000074d000000|  0%| F|  |TAMS 0x000000074cf00000, 0x000000074cf00000| Untracked 
| 180|0x000000074d000000, 0x000000074d000000, 0x000000074d100000|  0%| F|  |TAMS 0x000000074d000000, 0x000000074d000000| Untracked 
| 181|0x000000074d100000, 0x000000074d100000, 0x000000074d200000|  0%| F|  |TAMS 0x000000074d100000, 0x000000074d100000| Untracked 
| 182|0x000000074d200000, 0x000000074d200000, 0x000000074d300000|  0%| F|  |TAMS 0x000000074d200000, 0x000000074d200000| Untracked 
| 183|0x000000074d300000, 0x000000074d300000, 0x000000074d400000|  0%| F|  |TAMS 0x000000074d300000, 0x000000074d300000| Untracked 
| 184|0x000000074d400000, 0x000000074d400000, 0x000000074d500000|  0%| F|  |TAMS 0x000000074d400000, 0x000000074d400000| Untracked 
| 185|0x000000074d500000, 0x000000074d500000, 0x000000074d600000|  0%| F|  |TAMS 0x000000074d500000, 0x000000074d500000| Untracked 
| 186|0x000000074d600000, 0x000000074d600000, 0x000000074d700000|  0%| F|  |TAMS 0x000000074d600000, 0x000000074d600000| Untracked 
| 187|0x000000074d700000, 0x000000074d700000, 0x000000074d800000|  0%| F|  |TAMS 0x000000074d700000, 0x000000074d700000| Untracked 
| 188|0x000000074d800000, 0x000000074d800000, 0x000000074d900000|  0%| F|  |TAMS 0x000000074d800000, 0x000000074d800000| Untracked 
| 189|0x000000074d900000, 0x000000074d900000, 0x000000074da00000|  0%| F|  |TAMS 0x000000074d900000, 0x000000074d900000| Untracked 
| 190|0x000000074da00000, 0x000000074da80800, 0x000000074db00000| 50%| E|  |TAMS 0x000000074da00000, 0x000000074da00000| Complete 
| 191|0x000000074db00000, 0x000000074dc00000, 0x000000074dc00000|100%| E|CS|TAMS 0x000000074db00000, 0x000000074db00000| Complete 

Card table byte_map: [0x0000026ee54a0000,0x0000026ee5aa0000] _byte_map_base: 0x0000026ee1a92000

Marking Bits (Prev, Next): (CMBitMap*) 0x0000026ecd426d38, (CMBitMap*) 0x0000026ecd426d78
 Prev Bits: [0x0000026ee60a0000, 0x0000026ee9030000)
 Next Bits: [0x0000026ee9030000, 0x0000026eebfc0000)

Polling page: 0x0000026ecb290000

Metaspace:

Usage:
  Non-class:      8.97 MB capacity,     7.60 MB ( 85%) used,     1.37 MB ( 15%) free+waste,    12.63 KB ( <1%) overhead. 
      Class:      1.25 MB capacity,     1.02 MB ( 82%) used,   222.66 KB ( 17%) free+waste,     6.56 KB ( <1%) overhead. 
       Both:     10.22 MB capacity,     8.62 MB ( 84%) used,     1.58 MB ( 15%) free+waste,    19.19 KB ( <1%) overhead. 

Virtual space:
  Non-class space:       10.00 MB reserved,       9.00 MB ( 90%) committed 
      Class space:        1.00 GB reserved,       1.25 MB ( <1%) committed 
             Both:        1.01 GB reserved,      10.25 MB ( <1%) committed 

Chunk freelists:
   Non-Class:  26.00 KB
       Class:  3.00 KB
        Both:  29.00 KB

MaxMetaspaceSize: 17179869184.00 GB
CompressedClassSpaceSize: 1.00 GB

CodeHeap 'non-profiled nmethods': size=120000Kb used=662Kb max_used=662Kb free=119337Kb
 bounds [0x0000026edd640000, 0x0000026edd8b0000, 0x0000026ee4b70000]
CodeHeap 'profiled nmethods': size=120000Kb used=3080Kb max_used=3080Kb free=116919Kb
 bounds [0x0000026ed6110000, 0x0000026ed6420000, 0x0000026edd640000]
CodeHeap 'non-nmethods': size=5760Kb used=1174Kb max_used=1202Kb free=4585Kb
 bounds [0x0000026ed5b70000, 0x0000026ed5de0000, 0x0000026ed6110000]
 total_blobs=1951 nmethods=1522 adapters=342
 compilation: enabled
              stopped_count=0, restarted_count=0
 full_count=0

Compilation events (20 events):
Event: 0.775 Thread 0x0000026eef353000 1502       3       org.eclipse.sisu.space.asm.ByteVector::putShort (52 bytes)
Event: 0.775 Thread 0x0000026eef353000 nmethod 1502 0x0000026ed6408090 code [0x0000026ed6408240, 0x0000026ed6408468]
Event: 0.775 Thread 0x0000026eef353000 1503       3       java.lang.Class::getInterfaces (49 bytes)
Event: 0.776 Thread 0x0000026eef353000 nmethod 1503 0x0000026ed6408590 code [0x0000026ed6408780, 0x0000026ed6408c78]
Event: 0.776 Thread 0x0000026eef353000 1504       3       com.google.common.collect.ComparisonChain$1::compare (13 bytes)
Event: 0.776 Thread 0x0000026eef353000 nmethod 1504 0x0000026ed6408e10 code [0x0000026ed6408fe0, 0x0000026ed6409408]
Event: 0.778 Thread 0x0000026eef353000 1505       3       com.google.inject.TypeLiteral::get (9 bytes)
Event: 0.778 Thread 0x0000026eef353000 nmethod 1505 0x0000026ed6409590 code [0x0000026ed6409740, 0x0000026ed64098c8]
Event: 0.779 Thread 0x0000026eefab0800 nmethod 1493 0x0000026edd6e0690 code [0x0000026edd6e09c0, 0x0000026edd6e18a0]
Event: 0.779 Thread 0x0000026eefab0800 1497   !   4       java.util.concurrent.ConcurrentHashMap::transfer (849 bytes)
Event: 0.780 Thread 0x0000026eef353000 1506   !   3       sun.reflect.annotation.AnnotationParser::parseAnnotation2 (284 bytes)
Event: 0.782 Thread 0x0000026eef353000 nmethod 1506 0x0000026ed6409990 code [0x0000026ed6409dc0, 0x0000026ed640be28]
Event: 0.782 Thread 0x0000026eef353000 1507       3       jdk.internal.loader.AbstractClassLoaderValue::map (20 bytes)
Event: 0.782 Thread 0x0000026eef353000 nmethod 1507 0x0000026ed640ca10 code [0x0000026ed640cbc0, 0x0000026ed640ce88]
Event: 0.782 Thread 0x0000026eef353000 1508       3       jdk.internal.loader.AbstractClassLoaderValue::<init> (5 bytes)
Event: 0.782 Thread 0x0000026eef353000 nmethod 1508 0x0000026ed640cf90 code [0x0000026ed640d120, 0x0000026ed640d298]
Event: 0.782 Thread 0x0000026eef353000 1509       3       java.lang.Class::isAnnotation (17 bytes)
Event: 0.782 Thread 0x0000026eef353000 nmethod 1509 0x0000026ed640d390 code [0x0000026ed640d540, 0x0000026ed640d6e8]
Event: 0.782 Thread 0x0000026eef353000 1510       3       com.google.inject.spi.Elements$RecordingBinder::bind (6 bytes)
Event: 0.783 Thread 0x0000026eef353000 nmethod 1510 0x0000026ed640d790 code [0x0000026ed640d960, 0x0000026ed640dcc8]

GC Heap History (2 events):
Event: 0.519 GC heap before
{Heap before GC invocations=0 (full 0):
 garbage-first heap   total 196608K, used 23552K [0x0000000741c00000, 0x0000000800000000)
  region size 1024K, 23 young (23552K), 0 survivors (0K)
 Metaspace       used 5838K, capacity 7788K, committed 7808K, reserved 1056768K
  class space    used 683K, capacity 878K, committed 896K, reserved 1048576K
}
Event: 0.523 GC heap after
{Heap after GC invocations=1 (full 0):
 garbage-first heap   total 196608K, used 3640K [0x0000000741c00000, 0x0000000800000000)
  region size 1024K, 3 young (3072K), 3 survivors (3072K)
 Metaspace       used 5838K, capacity 7788K, committed 7808K, reserved 1056768K
  class space    used 683K, capacity 878K, committed 896K, reserved 1048576K
}

Deoptimization events (20 events):
Event: 0.630 Thread 0x0000026ecd3d2000 Uncommon trap: trap_request=0xffffffde fr.pc=0x0000026edd6caa08 relative=0x0000000000000128
Event: 0.630 Thread 0x0000026ecd3d2000 Uncommon trap: reason=class_check action=maybe_recompile pc=0x0000026edd6caa08 method=jdk.internal.misc.Unsafe.allocateUninitializedArray(Ljava/lang/Class;I)Ljava/lang/Object; @ 51 c2
Event: 0.630 Thread 0x0000026ecd3d2000 DEOPT PACKING pc=0x0000026edd6caa08 sp=0x00000079f6cfd760
Event: 0.630 Thread 0x0000026ecd3d2000 DEOPT UNPACKING pc=0x0000026ed5bb912f sp=0x00000079f6cfd6e8 mode 2
Event: 0.717 Thread 0x0000026ecd3d2000 Uncommon trap: trap_request=0xffffffc6 fr.pc=0x0000026edd68fd00 relative=0x0000000000000680
Event: 0.717 Thread 0x0000026ecd3d2000 Uncommon trap: reason=bimorphic_or_optimized_type_check action=maybe_recompile pc=0x0000026edd68fd00 method=java.util.concurrent.ConcurrentHashMap.get(Ljava/lang/Object;)Ljava/lang/Object; @ 149 c2
Event: 0.717 Thread 0x0000026ecd3d2000 DEOPT PACKING pc=0x0000026edd68fd00 sp=0x00000079f6cfd7d0
Event: 0.717 Thread 0x0000026ecd3d2000 DEOPT UNPACKING pc=0x0000026ed5bb912f sp=0x00000079f6cfd760 mode 2
Event: 0.717 Thread 0x0000026ecd3d2000 Uncommon trap: trap_request=0xffffffc6 fr.pc=0x0000026edd68fd00 relative=0x0000000000000680
Event: 0.717 Thread 0x0000026ecd3d2000 Uncommon trap: reason=bimorphic_or_optimized_type_check action=maybe_recompile pc=0x0000026edd68fd00 method=java.util.concurrent.ConcurrentHashMap.get(Ljava/lang/Object;)Ljava/lang/Object; @ 149 c2
Event: 0.717 Thread 0x0000026ecd3d2000 DEOPT PACKING pc=0x0000026edd68fd00 sp=0x00000079f6cfd7d0
Event: 0.717 Thread 0x0000026ecd3d2000 DEOPT UNPACKING pc=0x0000026ed5bb912f sp=0x00000079f6cfd760 mode 2
Event: 0.718 Thread 0x0000026ecd3d2000 Uncommon trap: trap_request=0xffffffc6 fr.pc=0x0000026edd68fd00 relative=0x0000000000000680
Event: 0.718 Thread 0x0000026ecd3d2000 Uncommon trap: reason=bimorphic_or_optimized_type_check action=maybe_recompile pc=0x0000026edd68fd00 method=java.util.concurrent.ConcurrentHashMap.get(Ljava/lang/Object;)Ljava/lang/Object; @ 149 c2
Event: 0.718 Thread 0x0000026ecd3d2000 DEOPT PACKING pc=0x0000026edd68fd00 sp=0x00000079f6cfd7d0
Event: 0.718 Thread 0x0000026ecd3d2000 DEOPT UNPACKING pc=0x0000026ed5bb912f sp=0x00000079f6cfd760 mode 2
Event: 0.718 Thread 0x0000026ecd3d2000 Uncommon trap: trap_request=0xffffffc6 fr.pc=0x0000026edd68fd00 relative=0x0000000000000680
Event: 0.718 Thread 0x0000026ecd3d2000 Uncommon trap: reason=bimorphic_or_optimized_type_check action=maybe_recompile pc=0x0000026edd68fd00 method=java.util.concurrent.ConcurrentHashMap.get(Ljava/lang/Object;)Ljava/lang/Object; @ 149 c2
Event: 0.718 Thread 0x0000026ecd3d2000 DEOPT PACKING pc=0x0000026edd68fd00 sp=0x00000079f6cfd7d0
Event: 0.718 Thread 0x0000026ecd3d2000 DEOPT UNPACKING pc=0x0000026ed5bb912f sp=0x00000079f6cfd760 mode 2

Classes unloaded (0 events):
No events

Classes redefined (0 events):
No events

Internal exceptions (3 events):
Event: 0.148 Thread 0x0000026ecd3d2000 Exception <a 'java/lang/NoSuchMethodError'{0x000000074d76b0c8}: 'int java.lang.invoke.DirectMethodHandle$Holder.invokeSpecialIFC(java.lang.Object, java.lang.Object, int)'> (0x000000074d76b0c8) 
thrown [./open/src/hotspot/share/interpreter/linkResolver.cpp, line 766]
Event: 0.181 Thread 0x0000026ecd3d2000 Exception <a 'java/lang/NoSuchMethodError'{0x000000074d699748}: 'java.lang.Object java.lang.invoke.DirectMethodHandle$Holder.invokeStaticInit(java.lang.Object, int, int, int, int)'> (0x000000074d699748) 
thrown [./open/src/hotspot/share/interpreter/linkResolver.cpp, line 766]
Event: 0.227 Thread 0x0000026ecd3d2000 Exception <a 'java/lang/NoSuchMethodError'{0x000000074d6dd4b0}: 'java.lang.Object java.lang.invoke.DirectMethodHandle$Holder.invokeStaticInit(java.lang.Object, java.lang.Object, int, int, int, int)'> (0x000000074d6dd4b0) 
thrown [./open/src/hotspot/share/interpreter/linkResolver.cpp, line 766]

Events (20 events):
Event: 0.634 loading class jdk/internal/reflect/ClassDefiner
Event: 0.634 loading class jdk/internal/reflect/ClassDefiner done
Event: 0.634 loading class jdk/internal/reflect/ClassDefiner$1
Event: 0.634 loading class jdk/internal/reflect/ClassDefiner$1 done
Event: 0.635 loading class jdk/internal/reflect/BootstrapConstructorAccessorImpl
Event: 0.635 loading class jdk/internal/reflect/BootstrapConstructorAccessorImpl done
Event: 0.729 Executing VM operation: HandshakeAllThreads
Event: 0.729 Executing VM operation: HandshakeAllThreads done
Event: 0.741 loading class java/util/EventObject
Event: 0.741 loading class java/util/EventObject done
Event: 0.741 loading class java/lang/Deprecated
Event: 0.741 loading class java/lang/Deprecated done
Event: 0.765 loading class java/security/NoSuchAlgorithmException
Event: 0.765 loading class java/security/GeneralSecurityException
Event: 0.765 loading class java/security/GeneralSecurityException done
Event: 0.765 loading class java/security/NoSuchAlgorithmException done
Event: 0.779 loading class java/lang/NumberFormatException
Event: 0.779 loading class java/lang/NumberFormatException done
Event: 0.780 Executing VM operation: HandshakeAllThreads
Event: 0.780 Executing VM operation: HandshakeAllThreads done


Dynamic libraries:
0x00007ff684f20000 - 0x00007ff684f2f000 	C:\Program Files\Java\jdk-14.0.2\bin\java.exe
0x00007ffa874e0000 - 0x00007ffa876d0000 	C:\WINDOWS\SYSTEM32\ntdll.dll
0x00007ffa85b10000 - 0x00007ffa85bc2000 	C:\WINDOWS\System32\KERNEL32.DLL
0x00007ffa84520000 - 0x00007ffa847c3000 	C:\WINDOWS\System32\KERNELBASE.dll
0x00007ffa84f50000 - 0x00007ffa8504a000 	C:\WINDOWS\System32\ucrtbase.dll
0x00007ffa83e60000 - 0x00007ffa83e78000 	C:\Program Files\Java\jdk-14.0.2\bin\jli.dll
0x00007ffa81ab0000 - 0x00007ffa81ac5000 	C:\Program Files\Java\jdk-14.0.2\bin\VCRUNTIME140.dll
0x00007ffa85750000 - 0x00007ffa857f3000 	C:\WINDOWS\System32\ADVAPI32.dll
0x00007ffa866f0000 - 0x00007ffa8678e000 	C:\WINDOWS\System32\msvcrt.dll
0x00007ffa87050000 - 0x00007ffa870e7000 	C:\WINDOWS\System32\sechost.dll
0x00007ffa859f0000 - 0x00007ffa85b10000 	C:\WINDOWS\System32\RPCRT4.dll
0x00007ffa86dc0000 - 0x00007ffa86f54000 	C:\WINDOWS\System32\USER32.dll
0x00007ffa838b0000 - 0x00007ffa83b35000 	C:\WINDOWS\WinSxS\amd64_microsoft.windows.common-controls_6595b64144ccf1df_6.0.18362.778_none_e6c6b761130d4fb8\COMCTL32.dll
0x00007ffa85560000 - 0x00007ffa85581000 	C:\WINDOWS\System32\win32u.dll
0x00007ffa85960000 - 0x00007ffa85986000 	C:\WINDOWS\System32\GDI32.dll
0x00007ffa863b0000 - 0x00007ffa866e6000 	C:\WINDOWS\System32\combase.dll
0x00007ffa85320000 - 0x00007ffa854b4000 	C:\WINDOWS\System32\gdi32full.dll
0x00007ffa84470000 - 0x00007ffa844f0000 	C:\WINDOWS\System32\bcryptPrimitives.dll
0x00007ffa854c0000 - 0x00007ffa8555e000 	C:\WINDOWS\System32\msvcp_win.dll
0x00007ffa7c4e0000 - 0x00007ffa7c4ea000 	C:\WINDOWS\SYSTEM32\VERSION.dll
0x00007ffa870f0000 - 0x00007ffa8711e000 	C:\WINDOWS\System32\IMM32.DLL
0x00007ffa81200000 - 0x00007ffa8129b000 	C:\Program Files\Java\jdk-14.0.2\bin\msvcp140.dll
0x00007ffa55f00000 - 0x00007ffa56a1e000 	C:\Program Files\Java\jdk-14.0.2\bin\server\jvm.dll
0x00007ffa87240000 - 0x00007ffa87248000 	C:\WINDOWS\System32\PSAPI.DLL
0x00007ffa70360000 - 0x00007ffa70369000 	C:\WINDOWS\SYSTEM32\WSOCK32.dll
0x00007ffa81020000 - 0x00007ffa81044000 	C:\WINDOWS\SYSTEM32\WINMM.dll
0x00007ffa862c0000 - 0x00007ffa8632f000 	C:\WINDOWS\System32\WS2_32.dll
0x00007ffa80ba0000 - 0x00007ffa80bcd000 	C:\WINDOWS\SYSTEM32\winmmbase.dll
0x00007ffa852d0000 - 0x00007ffa8531a000 	C:\WINDOWS\System32\cfgmgr32.dll
0x00007ffa84450000 - 0x00007ffa84461000 	C:\WINDOWS\System32\kernel.appcore.dll
0x00007ffa811d0000 - 0x00007ffa811da000 	C:\Program Files\Java\jdk-14.0.2\bin\jimage.dll
0x00007ffa83ec0000 - 0x00007ffa840b4000 	C:\WINDOWS\SYSTEM32\DBGHELP.DLL
0x00007ffa83dd0000 - 0x00007ffa83dfa000 	C:\WINDOWS\SYSTEM32\dbgcore.DLL
0x00007ffa7d640000 - 0x00007ffa7d64e000 	C:\Program Files\Java\jdk-14.0.2\bin\instrument.dll
0x00007ffa7e590000 - 0x00007ffa7e5b5000 	C:\Program Files\Java\jdk-14.0.2\bin\java.dll
0x00007ffa7d770000 - 0x00007ffa7d786000 	C:\Program Files\Java\jdk-14.0.2\bin\zip.dll
0x00007ffa85bd0000 - 0x00007ffa862b5000 	C:\WINDOWS\System32\SHELL32.dll
0x00007ffa873f0000 - 0x00007ffa87499000 	C:\WINDOWS\System32\shcore.dll
0x00007ffa847d0000 - 0x00007ffa84f50000 	C:\WINDOWS\System32\windows.storage.dll
0x00007ffa84420000 - 0x00007ffa84443000 	C:\WINDOWS\System32\profapi.dll
0x00007ffa843b0000 - 0x00007ffa843fa000 	C:\WINDOWS\System32\powrprof.dll
0x00007ffa843a0000 - 0x00007ffa843b0000 	C:\WINDOWS\System32\UMPDC.dll
0x00007ffa85990000 - 0x00007ffa859e2000 	C:\WINDOWS\System32\shlwapi.dll
0x00007ffa85050000 - 0x00007ffa85067000 	C:\WINDOWS\System32\cryptsp.dll
0x0000000056530000 - 0x0000000056541000 	C:\Program Files\Common Files\Crypto Pro\AppCompat\cpadvai.dll
0x0000000056500000 - 0x0000000056507000 	C:\Program Files\Common Files\Crypto Pro\AppCompat\detoured.dll
0x00007ffa7d750000 - 0x00007ffa7d769000 	C:\Program Files\Java\jdk-14.0.2\bin\net.dll
0x00007ffa79180000 - 0x00007ffa79270000 	C:\WINDOWS\SYSTEM32\WINHTTP.dll
0x00007ffa83110000 - 0x00007ffa83177000 	C:\WINDOWS\system32\mswsock.dll
0x00007ffa7d680000 - 0x00007ffa7d692000 	C:\Program Files\Java\jdk-14.0.2\bin\nio.dll
0x00007ffa7fb70000 - 0x00007ffa7fb80000 	C:\Program Files\Java\jdk-14.0.2\bin\verify.dll
0x00007ffa82c80000 - 0x00007ffa82cb3000 	C:\WINDOWS\system32\rsaenh.dll
0x0000026ecd2e0000 - 0x0000026ecd306000 	C:\WINDOWS\System32\bcrypt.dll
0x00007ffa842c0000 - 0x00007ffa842e5000 	C:\WINDOWS\SYSTEM32\USERENV.dll
0x00007ffa83760000 - 0x00007ffa8376c000 	C:\WINDOWS\SYSTEM32\CRYPTBASE.dll
0x00007ffa82e20000 - 0x00007ffa82e5a000 	C:\WINDOWS\SYSTEM32\IPHLPAPI.DLL
0x00007ffa85590000 - 0x00007ffa85598000 	C:\WINDOWS\System32\NSI.dll
0x00007ffa7bd50000 - 0x00007ffa7bd66000 	C:\WINDOWS\SYSTEM32\dhcpcsvc6.DLL
0x00007ffa7bd30000 - 0x00007ffa7bd4c000 	C:\WINDOWS\SYSTEM32\dhcpcsvc.DLL
0x00007ffa82e60000 - 0x00007ffa82f2a000 	C:\WINDOWS\SYSTEM32\DNSAPI.dll
0x00007ffa7d630000 - 0x00007ffa7d63a000 	C:\Users\prime\AppData\Local\Temp\jansi-1.17.1-7834660720561830279.dll
0x00007ffa7d600000 - 0x00007ffa7d60a000 	C:\Users\prime\AppData\Local\Temp\jansi-1.17.1-12607293047437701485.dll

dbghelp: loaded successfully - version: 4.0.5 - missing functions: none
symbol engine: initialized successfully - sym options: 0x614 - pdb path: .;C:\Program Files\Java\jdk-14.0.2\bin;C:\WINDOWS\SYSTEM32;C:\WINDOWS\WinSxS\amd64_microsoft.windows.common-controls_6595b64144ccf1df_6.0.18362.778_none_e6c6b761130d4fb8;C:\Program Files\Java\jdk-14.0.2\bin\server;C:\Program Files\Common Files\Crypto Pro\AppCompat;C:\Users\prime\AppData\Local\Temp

VM Arguments:
jvm_args: -Dmaven.multiModuleProjectDirectory=D:\main1\spring-mvc-1 -Dmaven.home=D:\Новая папка (2)\IntelliJ IDEA 2020.2.3\plugins\maven\lib\maven3 -Dclassworlds.conf=D:\Новая папка (2)\IntelliJ IDEA 2020.2.3\plugins\maven\lib\maven3\bin\m2.conf -Dmaven.ext.class.path=D:\Новая папка (2)\IntelliJ IDEA 2020.2.3\plugins\maven\lib\maven-event-listener.jar -javaagent:D:\Новая папка (2)\IntelliJ IDEA 2020.2.3\lib\idea_rt.jar=51337:D:\Новая папка (2)\IntelliJ IDEA 2020.2.3\bin -Dfile.encoding=UTF-8 
java_command: org.codehaus.classworlds.Launcher -Didea.version=2020.2.3 clean
java_class_path (initial): D:\Новая папка (2)\IntelliJ IDEA 2020.2.3\plugins\maven\lib\maven3\boot\plexus-classworlds-2.6.0.jar;D:\Новая папка (2)\IntelliJ IDEA 2020.2.3\plugins\maven\lib\maven3\boot\plexus-classworlds.license
Launcher Type: SUN_STANDARD

[Global flags]
     intx CICompilerCount                          = 4                                         {product} {ergonomic}
     uint ConcGCThreads                            = 2                                         {product} {ergonomic}
     uint G1ConcRefinementThreads                  = 8                                         {product} {ergonomic}
   size_t G1HeapRegionSize                         = 1048576                                   {product} {ergonomic}
    uintx GCDrainStackTargetSize                   = 64                                        {product} {ergonomic}
   size_t InitialHeapSize                          = 201326592                                 {product} {ergonomic}
   size_t MarkStackSize                            = 4194304                                   {product} {ergonomic}
   size_t MaxHeapSize                              = 3191865344                                {product} {ergonomic}
   size_t MaxNewSize                               = 1914699776                                {product} {ergonomic}
   size_t MinHeapDeltaBytes                        = 1048576                                   {product} {ergonomic}
   size_t MinHeapSize                              = 8388608                                   {product} {ergonomic}
    uintx NonNMethodCodeHeapSize                   = 5839372                                {pd product} {ergonomic}
    uintx NonProfiledCodeHeapSize                  = 122909434                              {pd product} {ergonomic}
    uintx ProfiledCodeHeapSize                     = 122909434                              {pd product} {ergonomic}
    uintx ReservedCodeCacheSize                    = 251658240                              {pd product} {ergonomic}
     bool SegmentedCodeCache                       = true                                      {product} {ergonomic}
   size_t SoftMaxHeapSize                          = 3191865344                             {manageable} {ergonomic}
     bool UseCompressedClassPointers               = true                                 {lp64_product} {ergonomic}
     bool UseCompressedOops                        = true                                 {lp64_product} {ergonomic}
     bool UseG1GC                                  = true                                      {product} {ergonomic}
     bool UseLargePagesIndividualAllocation        = false                                  {pd product} {ergonomic}

Logging:
Log output configuration:
 #0: stdout all=warning uptime,level,tags
 #1: stderr all=off uptime,level,tags

Environment Variables:
JAVA_HOME=C:\Program Files\Java\jdk-14.0.2\
JRE_HOME=C:\Program Files\Java\jre1.8.0_261\
PATH=C:\Program Files (x86)\Common Files\Oracle\Java\javapath;C:\Program Files (x86)\Intel\iCLS Client\;C:\Program Files\Intel\iCLS Client\;C:\windows\system32;C:\windows;C:\windows\System32\Wbem;C:\windows\System32\WindowsPowerShell\v1.0\;C:\Program Files (x86)\Intel\Intel(R) Management Engine Components\DAL;C:\Program Files\Intel\Intel(R) Management Engine Components\DAL;C:\Program Files (x86)\Intel\Intel(R) Management Engine Components\IPT;C:\Program Files\Intel\Intel(R) Management Engine Components\IPT;C:\Program Files (x86)\NVIDIA Corporation\PhysX\Common;C:\WINDOWS\system32;C:\WINDOWS;C:\WINDOWS\System32\Wbem;C:\WINDOWS\System32\WindowsPowerShell\v1.0\;C:\WINDOWS\System32\OpenSSH\;C:\Program Files\Intel\WiFi\bin\;C:\Program Files\Common Files\Intel\WirelessCommon\;C:\Program Files\Java\jdk-14.0.2\bin;C:\Program Files\Java\jre1.8.0_261\lim\amd64\jvm.cfg;C:\Program Files\Git\cmd;C:\Program Files\MySQL\MySQL Shell 8.0\bin\;C:\Users\prime\AppData\Local\Programs\Python\Python37-32\Scripts\;C:\Users\prime\AppData\Local\Programs\Python\Python37-32\;C:\Users\prime\AppData\Local\Microsoft\WindowsApps;C:\Users\prime\AppData\Local\GitHubDesktop\bin;C:\Users\prime\Microsoft VS Code\bin;C:\Program Files\Java\jdk-14.0.2\bin;
USERNAME=prime
OS=Windows_NT
PROCESSOR_IDENTIFIER=Intel64 Family 6 Model 158 Stepping 9, GenuineIntel



---------------  S Y S T E M  ---------------

OS: Windows 10 , 64 bit Build 18362 (10.0.18362.778)
OS uptime: 1 days 5:00 hours

CPU:total 8 (initial active 8) (4 cores per cpu, 2 threads per core) family 6 model 158 stepping 9, cmov, cx8, fxsr, mmx, sse, sse2, sse3, ssse3, sse4.1, sse4.2, popcnt, avx, avx2, aes, clmul, erms, 3dnowpref, lzcnt, ht, tsc, tscinvbit, bmi1, bmi2, adx, fma

Memory: 4k page, system-wide physical 12173M (2884M free)
TotalPageFile size 16173M (AvailPageFile size 4M)
current process WorkingSet (physical memory assigned to process): 105M, peak: 105M
current process commit charge ("private bytes"): 310M, peak: 311M

vm_info: Java HotSpot(TM) 64-Bit Server VM (14.0.2+12-46) for windows-amd64 JRE (14.0.2+12-46), built on Jul  9 2020 00:35:52 by "mach5one" with MS VC++ 15.9 (VS2017)

END.
