#
# There is insufficient memory for the Java Runtime Environment to continue.
# Native memory allocation (malloc) failed to allocate 782736 bytes for Chunk::new
# Possible reasons:
#   The system is out of physical RAM or swap space
#   The process is running with CompressedOops enabled, and the Java Heap may be blocking the growth of the native heap
# Possible solutions:
#   Reduce memory load on the system
#   Increase physical memory or swap space
#   Check if swap backing store is full
#   Decrease Java heap size (-Xmx/-Xms)
#   Decrease number of Java threads
#   Decrease Java thread stack sizes (-Xss)
#   Set larger code cache with -XX:ReservedCodeCacheSize=
#   JVM is running with Zero Based Compressed Oops mode in which the Java heap is
#     placed in the first 32GB address space. The Java Heap base address is the
#     maximum limit for the native heap growth. Please use -XX:HeapBaseMinAddress
#     to set the Java Heap base and to place the Java Heap above 32GB virtual address.
# This output file may be truncated or incomplete.
#
#  Out of Memory Error (./open/src/hotspot/share/memory/arena.cpp:195), pid=18920, tid=6812
#
# JRE version: Java(TM) SE Runtime Environment (14.0.2+12) (build 14.0.2+12-46)
# Java VM: Java HotSpot(TM) 64-Bit Server VM (14.0.2+12-46, mixed mode, sharing, tiered, compressed oops, g1 gc, windows-amd64)
# No core dump will be written. Minidumps are not enabled by default on client versions of Windows
#

---------------  S U M M A R Y ------------

Command Line: -Dmaven.multiModuleProjectDirectory=D:\main1\spring-mvc-1 -Dmaven.home=D:\Новая папка (2)\IntelliJ IDEA 2020.2.3\plugins\maven\lib\maven3 -Dclassworlds.conf=D:\Новая папка (2)\IntelliJ IDEA 2020.2.3\plugins\maven\lib\maven3\bin\m2.conf -Dmaven.ext.class.path=D:\Новая папка (2)\IntelliJ IDEA 2020.2.3\plugins\maven\lib\maven-event-listener.jar -javaagent:D:\Новая папка (2)\IntelliJ IDEA 2020.2.3\lib\idea_rt.jar=51332:D:\Новая папка (2)\IntelliJ IDEA 2020.2.3\bin -Dfile.encoding=UTF-8 org.codehaus.classworlds.Launcher -Didea.version=2020.2.3 clean

Host: Intel(R) Core(TM) i7-7700HQ CPU @ 2.80GHz, 8 cores, 11G,  Windows 10 , 64 bit Build 18362 (10.0.18362.778)
Time: Thu Oct 29 16:33:25 2020 RTZ 2 (ceia) elapsed time: 1 seconds (0d 0h 0m 1s)

---------------  T H R E A D  ---------------

Current thread (0x00000267fc495800):  JavaThread "C2 CompilerThread0" daemon [_thread_in_native, id=6812, stack(0x000000a958400000,0x000000a958500000)]


Current CompileTask:
C2:   1295 2098       4       jdk.internal.module.SystemModuleFinders$SystemModuleReader::findImageLocation (42 bytes)

Stack: [0x000000a958400000,0x000000a958500000]
Native frames: (J=compiled Java code, j=interpreted, Vv=VM code, C=native code)
V  [jvm.dll+0x5f8a9a]
V  [jvm.dll+0x74247a]
V  [jvm.dll+0x743c2f]
V  [jvm.dll+0x744273]
V  [jvm.dll+0x20d288]
V  [jvm.dll+0xabb07]
V  [jvm.dll+0xac1fc]
V  [jvm.dll+0x31c495]
V  [jvm.dll+0x18ce00]
V  [jvm.dll+0x1e5efa]
V  [jvm.dll+0x1e50b8]
V  [jvm.dll+0x1779cc]
V  [jvm.dll+0x1f4105]
V  [jvm.dll+0x1f22eb]
V  [jvm.dll+0x7070cd]
V  [jvm.dll+0x6ffeda]
V  [jvm.dll+0x5f78f6]
C  [ucrtbase.dll+0x20e72]
C  [KERNEL32.DLL+0x17bd4]
C  [ntdll.dll+0x6ce51]


---------------  P R O C E S S  ---------------

Threads class SMR info:
_java_thread_list=0x00000267fe464a00, length=14, elements={
0x00000267e9e45000, 0x00000267fc46c000, 0x00000267fc46d800, 0x00000267fc48d000,
0x00000267fc490000, 0x00000267fc492000, 0x00000267fc495800, 0x00000267fc49c000,
0x00000267fc4a7000, 0x00000267fcd30800, 0x00000267fce73800, 0x00000267fcfcf800,
0x00000267fcf36000, 0x00000267fea4f800
}

Java Threads: ( => current thread )
  0x00000267e9e45000 JavaThread "main" [_thread_in_Java, id=11156, stack(0x000000a957800000,0x000000a957900000)]
  0x00000267fc46c000 JavaThread "Reference Handler" daemon [_thread_blocked, id=6724, stack(0x000000a957f00000,0x000000a958000000)]
  0x00000267fc46d800 JavaThread "Finalizer" daemon [_thread_blocked, id=19068, stack(0x000000a958000000,0x000000a958100000)]
  0x00000267fc48d000 JavaThread "Signal Dispatcher" daemon [_thread_blocked, id=17784, stack(0x000000a958100000,0x000000a958200000)]
  0x00000267fc490000 JavaThread "Attach Listener" daemon [_thread_blocked, id=16924, stack(0x000000a958200000,0x000000a958300000)]
  0x00000267fc492000 JavaThread "Service Thread" daemon [_thread_blocked, id=16588, stack(0x000000a958300000,0x000000a958400000)]
=>0x00000267fc495800 JavaThread "C2 CompilerThread0" daemon [_thread_in_native, id=6812, stack(0x000000a958400000,0x000000a958500000)]
  0x00000267fc49c000 JavaThread "C1 CompilerThread0" daemon [_thread_in_native, id=8116, stack(0x000000a958500000,0x000000a958600000)]
  0x00000267fc4a7000 JavaThread "Sweeper thread" daemon [_thread_blocked, id=7908, stack(0x000000a958600000,0x000000a958700000)]
  0x00000267fcd30800 JavaThread "Common-Cleaner" daemon [_thread_blocked, id=3788, stack(0x000000a958700000,0x000000a958800000)]
  0x00000267fce73800 JavaThread "C2 CompilerThread1" daemon [_thread_in_native, id=11288, stack(0x000000a958800000,0x000000a958900000)]
  0x00000267fcfcf800 JavaThread "Monitor Ctrl-Break" daemon [_thread_in_native, id=15704, stack(0x000000a958900000,0x000000a958a00000)]
  0x00000267fcf36000 JavaThread "Notification Thread" daemon [_thread_blocked, id=1348, stack(0x000000a958a00000,0x000000a958b00000)]
  0x00000267fea4f800 JavaThread "C2 CompilerThread2" daemon [_thread_in_native, id=17196, stack(0x000000a958f00000,0x000000a959000000)]

Other Threads:
  0x00000267fc46a800 VMThread "VM Thread" [stack: 0x000000a957e00000,0x000000a957f00000] [id=14280]
  0x00000267fcf3f000 WatcherThread [stack: 0x000000a958b00000,0x000000a958c00000] [id=16760]
  0x00000267e9e9b800 GCTaskThread "GC Thread#0" [stack: 0x000000a957900000,0x000000a957a00000] [id=15372]
  0x00000267fd9be000 GCTaskThread "GC Thread#1" [stack: 0x000000a958c00000,0x000000a958d00000] [id=1244]
  0x00000267fd755000 GCTaskThread "GC Thread#2" [stack: 0x000000a958d00000,0x000000a958e00000] [id=11972]
  0x00000267fdedf000 GCTaskThread "GC Thread#3" [stack: 0x000000a958e00000,0x000000a958f00000] [id=18856]
  0x00000267e7d9c000 ConcurrentGCThread "G1 Main Marker" [stack: 0x000000a957a00000,0x000000a957b00000] [id=1832]
  0x00000267e7d9d800 ConcurrentGCThread "G1 Conc#0" [stack: 0x000000a957b00000,0x000000a957c00000] [id=17836]
  0x00000267fc35a800 ConcurrentGCThread "G1 Refine#0" [stack: 0x000000a957c00000,0x000000a957d00000] [id=18192]
  0x00000267fc35b800 ConcurrentGCThread "G1 Young RemSet Sampling" [stack: 0x000000a957d00000,0x000000a957e00000] [id=17640]

Threads with active compile tasks:
C2 CompilerThread0     1316 2098       4       jdk.internal.module.SystemModuleFinders$SystemModuleReader::findImageLocation (42 bytes)
C2 CompilerThread1     1316 2235       4       org.codehaus.plexus.util.xml.pull.MXParser::nextImpl (1202 bytes)
C2 CompilerThread2     1316 2218   !   4       sun.nio.cs.StreamDecoder::read (196 bytes)

VM state:not at safepoint (normal execution)

VM Mutex/Monitor currently owned by a thread: None

Heap address: 0x0000000741c00000, size: 3044 MB, Compressed Oops mode: Zero based, Oop shift amount: 3
Narrow klass base: 0x0000000800000000, Narrow klass shift: 3
Compressed class space size: 1073741824 Address: 0x0000000800b30000

Heap:
 garbage-first heap   total 196608K, used 36394K [0x0000000741c00000, 0x0000000800000000)
  region size 1024K, 34 young (34816K), 2 survivors (2048K)
 Metaspace       used 13510K, capacity 14636K, committed 14848K, reserved 1062912K
  class space    used 1597K, capacity 1776K, committed 1792K, reserved 1048576K
Heap Regions: E=young(eden), S=young(survivor), O=old, HS=humongous(starts), HC=humongous(continues), CS=collection set, F=free, OA=open archive, CA=closed archive, TAMS=top-at-mark-start (previous, next)
|   0|0x0000000741c00000, 0x0000000741d00000, 0x0000000741d00000|100%| O|  |TAMS 0x0000000741c00000, 0x0000000741c00000| Untracked 
|   1|0x0000000741d00000, 0x0000000741e00000, 0x0000000741e00000|100%| O|  |TAMS 0x0000000741d00000, 0x0000000741d00000| Untracked 
|   2|0x0000000741e00000, 0x0000000741f00000, 0x0000000741f00000|100%| O|  |TAMS 0x0000000741e00000, 0x0000000741e00000| Untracked 
|   3|0x0000000741f00000, 0x0000000741f71a00, 0x0000000742000000| 44%| O|  |TAMS 0x0000000741f00000, 0x0000000741f00000| Untracked 
|   4|0x0000000742000000, 0x0000000742000000, 0x0000000742100000|  0%| F|  |TAMS 0x0000000742000000, 0x0000000742000000| Untracked 
|   5|0x0000000742100000, 0x0000000742100000, 0x0000000742200000|  0%| F|  |TAMS 0x0000000742100000, 0x0000000742100000| Untracked 
|   6|0x0000000742200000, 0x0000000742200000, 0x0000000742300000|  0%| F|  |TAMS 0x0000000742200000, 0x0000000742200000| Untracked 
|   7|0x0000000742300000, 0x0000000742300000, 0x0000000742400000|  0%| F|  |TAMS 0x0000000742300000, 0x0000000742300000| Untracked 
|   8|0x0000000742400000, 0x0000000742400000, 0x0000000742500000|  0%| F|  |TAMS 0x0000000742400000, 0x0000000742400000| Untracked 
|   9|0x0000000742500000, 0x0000000742500000, 0x0000000742600000|  0%| F|  |TAMS 0x0000000742500000, 0x0000000742500000| Untracked 
|  10|0x0000000742600000, 0x0000000742600000, 0x0000000742700000|  0%| F|  |TAMS 0x0000000742600000, 0x0000000742600000| Untracked 
|  11|0x0000000742700000, 0x0000000742700000, 0x0000000742800000|  0%| F|  |TAMS 0x0000000742700000, 0x0000000742700000| Untracked 
|  12|0x0000000742800000, 0x0000000742800000, 0x0000000742900000|  0%| F|  |TAMS 0x0000000742800000, 0x0000000742800000| Untracked 
|  13|0x0000000742900000, 0x0000000742900000, 0x0000000742a00000|  0%| F|  |TAMS 0x0000000742900000, 0x0000000742900000| Untracked 
|  14|0x0000000742a00000, 0x0000000742a00000, 0x0000000742b00000|  0%| F|  |TAMS 0x0000000742a00000, 0x0000000742a00000| Untracked 
|  15|0x0000000742b00000, 0x0000000742b00000, 0x0000000742c00000|  0%| F|  |TAMS 0x0000000742b00000, 0x0000000742b00000| Untracked 
|  16|0x0000000742c00000, 0x0000000742c00000, 0x0000000742d00000|  0%| F|  |TAMS 0x0000000742c00000, 0x0000000742c00000| Untracked 
|  17|0x0000000742d00000, 0x0000000742d00000, 0x0000000742e00000|  0%| F|  |TAMS 0x0000000742d00000, 0x0000000742d00000| Untracked 
|  18|0x0000000742e00000, 0x0000000742e00000, 0x0000000742f00000|  0%| F|  |TAMS 0x0000000742e00000, 0x0000000742e00000| Untracked 
|  19|0x0000000742f00000, 0x0000000742f00000, 0x0000000743000000|  0%| F|  |TAMS 0x0000000742f00000, 0x0000000742f00000| Untracked 
|  20|0x0000000743000000, 0x0000000743000000, 0x0000000743100000|  0%| F|  |TAMS 0x0000000743000000, 0x0000000743000000| Untracked 
|  21|0x0000000743100000, 0x0000000743100000, 0x0000000743200000|  0%| F|  |TAMS 0x0000000743100000, 0x0000000743100000| Untracked 
|  22|0x0000000743200000, 0x0000000743200000, 0x0000000743300000|  0%| F|  |TAMS 0x0000000743200000, 0x0000000743200000| Untracked 
|  23|0x0000000743300000, 0x0000000743300000, 0x0000000743400000|  0%| F|  |TAMS 0x0000000743300000, 0x0000000743300000| Untracked 
|  24|0x0000000743400000, 0x0000000743400000, 0x0000000743500000|  0%| F|  |TAMS 0x0000000743400000, 0x0000000743400000| Untracked 
|  25|0x0000000743500000, 0x0000000743500000, 0x0000000743600000|  0%| F|  |TAMS 0x0000000743500000, 0x0000000743500000| Untracked 
|  26|0x0000000743600000, 0x0000000743600000, 0x0000000743700000|  0%| F|  |TAMS 0x0000000743600000, 0x0000000743600000| Untracked 
|  27|0x0000000743700000, 0x0000000743700000, 0x0000000743800000|  0%| F|  |TAMS 0x0000000743700000, 0x0000000743700000| Untracked 
|  28|0x0000000743800000, 0x0000000743800000, 0x0000000743900000|  0%| F|  |TAMS 0x0000000743800000, 0x0000000743800000| Untracked 
|  29|0x0000000743900000, 0x0000000743900000, 0x0000000743a00000|  0%| F|  |TAMS 0x0000000743900000, 0x0000000743900000| Untracked 
|  30|0x0000000743a00000, 0x0000000743a00000, 0x0000000743b00000|  0%| F|  |TAMS 0x0000000743a00000, 0x0000000743a00000| Untracked 
|  31|0x0000000743b00000, 0x0000000743b00000, 0x0000000743c00000|  0%| F|  |TAMS 0x0000000743b00000, 0x0000000743b00000| Untracked 
|  32|0x0000000743c00000, 0x0000000743c00000, 0x0000000743d00000|  0%| F|  |TAMS 0x0000000743c00000, 0x0000000743c00000| Untracked 
|  33|0x0000000743d00000, 0x0000000743d00000, 0x0000000743e00000|  0%| F|  |TAMS 0x0000000743d00000, 0x0000000743d00000| Untracked 
|  34|0x0000000743e00000, 0x0000000743e00000, 0x0000000743f00000|  0%| F|  |TAMS 0x0000000743e00000, 0x0000000743e00000| Untracked 
|  35|0x0000000743f00000, 0x0000000743f00000, 0x0000000744000000|  0%| F|  |TAMS 0x0000000743f00000, 0x0000000743f00000| Untracked 
|  36|0x0000000744000000, 0x0000000744000000, 0x0000000744100000|  0%| F|  |TAMS 0x0000000744000000, 0x0000000744000000| Untracked 
|  37|0x0000000744100000, 0x0000000744100000, 0x0000000744200000|  0%| F|  |TAMS 0x0000000744100000, 0x0000000744100000| Untracked 
|  38|0x0000000744200000, 0x0000000744200000, 0x0000000744300000|  0%| F|  |TAMS 0x0000000744200000, 0x0000000744200000| Untracked 
|  39|0x0000000744300000, 0x0000000744300000, 0x0000000744400000|  0%| F|  |TAMS 0x0000000744300000, 0x0000000744300000| Untracked 
|  40|0x0000000744400000, 0x0000000744400000, 0x0000000744500000|  0%| F|  |TAMS 0x0000000744400000, 0x0000000744400000| Untracked 
|  41|0x0000000744500000, 0x0000000744500000, 0x0000000744600000|  0%| F|  |TAMS 0x0000000744500000, 0x0000000744500000| Untracked 
|  42|0x0000000744600000, 0x0000000744600000, 0x0000000744700000|  0%| F|  |TAMS 0x0000000744600000, 0x0000000744600000| Untracked 
|  43|0x0000000744700000, 0x0000000744700000, 0x0000000744800000|  0%| F|  |TAMS 0x0000000744700000, 0x0000000744700000| Untracked 
|  44|0x0000000744800000, 0x0000000744800000, 0x0000000744900000|  0%| F|  |TAMS 0x0000000744800000, 0x0000000744800000| Untracked 
|  45|0x0000000744900000, 0x0000000744900000, 0x0000000744a00000|  0%| F|  |TAMS 0x0000000744900000, 0x0000000744900000| Untracked 
|  46|0x0000000744a00000, 0x0000000744a00000, 0x0000000744b00000|  0%| F|  |TAMS 0x0000000744a00000, 0x0000000744a00000| Untracked 
|  47|0x0000000744b00000, 0x0000000744b00000, 0x0000000744c00000|  0%| F|  |TAMS 0x0000000744b00000, 0x0000000744b00000| Untracked 
|  48|0x0000000744c00000, 0x0000000744c00000, 0x0000000744d00000|  0%| F|  |TAMS 0x0000000744c00000, 0x0000000744c00000| Untracked 
|  49|0x0000000744d00000, 0x0000000744d00000, 0x0000000744e00000|  0%| F|  |TAMS 0x0000000744d00000, 0x0000000744d00000| Untracked 
|  50|0x0000000744e00000, 0x0000000744e00000, 0x0000000744f00000|  0%| F|  |TAMS 0x0000000744e00000, 0x0000000744e00000| Untracked 
|  51|0x0000000744f00000, 0x0000000744f00000, 0x0000000745000000|  0%| F|  |TAMS 0x0000000744f00000, 0x0000000744f00000| Untracked 
|  52|0x0000000745000000, 0x0000000745000000, 0x0000000745100000|  0%| F|  |TAMS 0x0000000745000000, 0x0000000745000000| Untracked 
|  53|0x0000000745100000, 0x0000000745100000, 0x0000000745200000|  0%| F|  |TAMS 0x0000000745100000, 0x0000000745100000| Untracked 
|  54|0x0000000745200000, 0x0000000745200000, 0x0000000745300000|  0%| F|  |TAMS 0x0000000745200000, 0x0000000745200000| Untracked 
|  55|0x0000000745300000, 0x0000000745300000, 0x0000000745400000|  0%| F|  |TAMS 0x0000000745300000, 0x0000000745300000| Untracked 
|  56|0x0000000745400000, 0x0000000745400000, 0x0000000745500000|  0%| F|  |TAMS 0x0000000745400000, 0x0000000745400000| Untracked 
|  57|0x0000000745500000, 0x0000000745500000, 0x0000000745600000|  0%| F|  |TAMS 0x0000000745500000, 0x0000000745500000| Untracked 
|  58|0x0000000745600000, 0x0000000745600000, 0x0000000745700000|  0%| F|  |TAMS 0x0000000745600000, 0x0000000745600000| Untracked 
|  59|0x0000000745700000, 0x0000000745700000, 0x0000000745800000|  0%| F|  |TAMS 0x0000000745700000, 0x0000000745700000| Untracked 
|  60|0x0000000745800000, 0x0000000745800000, 0x0000000745900000|  0%| F|  |TAMS 0x0000000745800000, 0x0000000745800000| Untracked 
|  61|0x0000000745900000, 0x0000000745900000, 0x0000000745a00000|  0%| F|  |TAMS 0x0000000745900000, 0x0000000745900000| Untracked 
|  62|0x0000000745a00000, 0x0000000745a00000, 0x0000000745b00000|  0%| F|  |TAMS 0x0000000745a00000, 0x0000000745a00000| Untracked 
|  63|0x0000000745b00000, 0x0000000745b00000, 0x0000000745c00000|  0%| F|  |TAMS 0x0000000745b00000, 0x0000000745b00000| Untracked 
|  64|0x0000000745c00000, 0x0000000745c00000, 0x0000000745d00000|  0%| F|  |TAMS 0x0000000745c00000, 0x0000000745c00000| Untracked 
|  65|0x0000000745d00000, 0x0000000745d00000, 0x0000000745e00000|  0%| F|  |TAMS 0x0000000745d00000, 0x0000000745d00000| Untracked 
|  66|0x0000000745e00000, 0x0000000745e00000, 0x0000000745f00000|  0%| F|  |TAMS 0x0000000745e00000, 0x0000000745e00000| Untracked 
|  67|0x0000000745f00000, 0x0000000745f00000, 0x0000000746000000|  0%| F|  |TAMS 0x0000000745f00000, 0x0000000745f00000| Untracked 
|  68|0x0000000746000000, 0x0000000746000000, 0x0000000746100000|  0%| F|  |TAMS 0x0000000746000000, 0x0000000746000000| Untracked 
|  69|0x0000000746100000, 0x0000000746100000, 0x0000000746200000|  0%| F|  |TAMS 0x0000000746100000, 0x0000000746100000| Untracked 
|  70|0x0000000746200000, 0x0000000746200000, 0x0000000746300000|  0%| F|  |TAMS 0x0000000746200000, 0x0000000746200000| Untracked 
|  71|0x0000000746300000, 0x0000000746300000, 0x0000000746400000|  0%| F|  |TAMS 0x0000000746300000, 0x0000000746300000| Untracked 
|  72|0x0000000746400000, 0x0000000746400000, 0x0000000746500000|  0%| F|  |TAMS 0x0000000746400000, 0x0000000746400000| Untracked 
|  73|0x0000000746500000, 0x0000000746500000, 0x0000000746600000|  0%| F|  |TAMS 0x0000000746500000, 0x0000000746500000| Untracked 
|  74|0x0000000746600000, 0x0000000746600000, 0x0000000746700000|  0%| F|  |TAMS 0x0000000746600000, 0x0000000746600000| Untracked 
|  75|0x0000000746700000, 0x0000000746700000, 0x0000000746800000|  0%| F|  |TAMS 0x0000000746700000, 0x0000000746700000| Untracked 
|  76|0x0000000746800000, 0x0000000746800000, 0x0000000746900000|  0%| F|  |TAMS 0x0000000746800000, 0x0000000746800000| Untracked 
|  77|0x0000000746900000, 0x0000000746900000, 0x0000000746a00000|  0%| F|  |TAMS 0x0000000746900000, 0x0000000746900000| Untracked 
|  78|0x0000000746a00000, 0x0000000746a00000, 0x0000000746b00000|  0%| F|  |TAMS 0x0000000746a00000, 0x0000000746a00000| Untracked 
|  79|0x0000000746b00000, 0x0000000746b00000, 0x0000000746c00000|  0%| F|  |TAMS 0x0000000746b00000, 0x0000000746b00000| Untracked 
|  80|0x0000000746c00000, 0x0000000746c00000, 0x0000000746d00000|  0%| F|  |TAMS 0x0000000746c00000, 0x0000000746c00000| Untracked 
|  81|0x0000000746d00000, 0x0000000746d00000, 0x0000000746e00000|  0%| F|  |TAMS 0x0000000746d00000, 0x0000000746d00000| Untracked 
|  82|0x0000000746e00000, 0x0000000746e00000, 0x0000000746f00000|  0%| F|  |TAMS 0x0000000746e00000, 0x0000000746e00000| Untracked 
|  83|0x0000000746f00000, 0x0000000746f00000, 0x0000000747000000|  0%| F|  |TAMS 0x0000000746f00000, 0x0000000746f00000| Untracked 
|  84|0x0000000747000000, 0x0000000747000000, 0x0000000747100000|  0%| F|  |TAMS 0x0000000747000000, 0x0000000747000000| Untracked 
|  85|0x0000000747100000, 0x0000000747100000, 0x0000000747200000|  0%| F|  |TAMS 0x0000000747100000, 0x0000000747100000| Untracked 
|  86|0x0000000747200000, 0x0000000747200000, 0x0000000747300000|  0%| F|  |TAMS 0x0000000747200000, 0x0000000747200000| Untracked 
|  87|0x0000000747300000, 0x0000000747300000, 0x0000000747400000|  0%| F|  |TAMS 0x0000000747300000, 0x0000000747300000| Untracked 
|  88|0x0000000747400000, 0x0000000747400000, 0x0000000747500000|  0%| F|  |TAMS 0x0000000747400000, 0x0000000747400000| Untracked 
|  89|0x0000000747500000, 0x0000000747500000, 0x0000000747600000|  0%| F|  |TAMS 0x0000000747500000, 0x0000000747500000| Untracked 
|  90|0x0000000747600000, 0x0000000747600000, 0x0000000747700000|  0%| F|  |TAMS 0x0000000747600000, 0x0000000747600000| Untracked 
|  91|0x0000000747700000, 0x0000000747700000, 0x0000000747800000|  0%| F|  |TAMS 0x0000000747700000, 0x0000000747700000| Untracked 
|  92|0x0000000747800000, 0x0000000747800000, 0x0000000747900000|  0%| F|  |TAMS 0x0000000747800000, 0x0000000747800000| Untracked 
|  93|0x0000000747900000, 0x0000000747900000, 0x0000000747a00000|  0%| F|  |TAMS 0x0000000747900000, 0x0000000747900000| Untracked 
|  94|0x0000000747a00000, 0x0000000747a00000, 0x0000000747b00000|  0%| F|  |TAMS 0x0000000747a00000, 0x0000000747a00000| Untracked 
|  95|0x0000000747b00000, 0x0000000747b00000, 0x0000000747c00000|  0%| F|  |TAMS 0x0000000747b00000, 0x0000000747b00000| Untracked 
|  96|0x0000000747c00000, 0x0000000747c00000, 0x0000000747d00000|  0%| F|  |TAMS 0x0000000747c00000, 0x0000000747c00000| Untracked 
|  97|0x0000000747d00000, 0x0000000747d00000, 0x0000000747e00000|  0%| F|  |TAMS 0x0000000747d00000, 0x0000000747d00000| Untracked 
|  98|0x0000000747e00000, 0x0000000747e00000, 0x0000000747f00000|  0%| F|  |TAMS 0x0000000747e00000, 0x0000000747e00000| Untracked 
|  99|0x0000000747f00000, 0x0000000747f00000, 0x0000000748000000|  0%| F|  |TAMS 0x0000000747f00000, 0x0000000747f00000| Untracked 
| 100|0x0000000748000000, 0x0000000748000000, 0x0000000748100000|  0%| F|  |TAMS 0x0000000748000000, 0x0000000748000000| Untracked 
| 101|0x0000000748100000, 0x0000000748100000, 0x0000000748200000|  0%| F|  |TAMS 0x0000000748100000, 0x0000000748100000| Untracked 
| 102|0x0000000748200000, 0x0000000748200000, 0x0000000748300000|  0%| F|  |TAMS 0x0000000748200000, 0x0000000748200000| Untracked 
| 103|0x0000000748300000, 0x0000000748300000, 0x0000000748400000|  0%| F|  |TAMS 0x0000000748300000, 0x0000000748300000| Untracked 
| 104|0x0000000748400000, 0x0000000748400000, 0x0000000748500000|  0%| F|  |TAMS 0x0000000748400000, 0x0000000748400000| Untracked 
| 105|0x0000000748500000, 0x0000000748500000, 0x0000000748600000|  0%| F|  |TAMS 0x0000000748500000, 0x0000000748500000| Untracked 
| 106|0x0000000748600000, 0x0000000748600000, 0x0000000748700000|  0%| F|  |TAMS 0x0000000748600000, 0x0000000748600000| Untracked 
| 107|0x0000000748700000, 0x0000000748700000, 0x0000000748800000|  0%| F|  |TAMS 0x0000000748700000, 0x0000000748700000| Untracked 
| 108|0x0000000748800000, 0x0000000748800000, 0x0000000748900000|  0%| F|  |TAMS 0x0000000748800000, 0x0000000748800000| Untracked 
| 109|0x0000000748900000, 0x0000000748900000, 0x0000000748a00000|  0%| F|  |TAMS 0x0000000748900000, 0x0000000748900000| Untracked 
| 110|0x0000000748a00000, 0x0000000748a00000, 0x0000000748b00000|  0%| F|  |TAMS 0x0000000748a00000, 0x0000000748a00000| Untracked 
| 111|0x0000000748b00000, 0x0000000748b00000, 0x0000000748c00000|  0%| F|  |TAMS 0x0000000748b00000, 0x0000000748b00000| Untracked 
| 112|0x0000000748c00000, 0x0000000748c00000, 0x0000000748d00000|  0%| F|  |TAMS 0x0000000748c00000, 0x0000000748c00000| Untracked 
| 113|0x0000000748d00000, 0x0000000748d00000, 0x0000000748e00000|  0%| F|  |TAMS 0x0000000748d00000, 0x0000000748d00000| Untracked 
| 114|0x0000000748e00000, 0x0000000748e00000, 0x0000000748f00000|  0%| F|  |TAMS 0x0000000748e00000, 0x0000000748e00000| Untracked 
| 115|0x0000000748f00000, 0x0000000748f00000, 0x0000000749000000|  0%| F|  |TAMS 0x0000000748f00000, 0x0000000748f00000| Untracked 
| 116|0x0000000749000000, 0x0000000749000000, 0x0000000749100000|  0%| F|  |TAMS 0x0000000749000000, 0x0000000749000000| Untracked 
| 117|0x0000000749100000, 0x0000000749100000, 0x0000000749200000|  0%| F|  |TAMS 0x0000000749100000, 0x0000000749100000| Untracked 
| 118|0x0000000749200000, 0x0000000749200000, 0x0000000749300000|  0%| F|  |TAMS 0x0000000749200000, 0x0000000749200000| Untracked 
| 119|0x0000000749300000, 0x0000000749300000, 0x0000000749400000|  0%| F|  |TAMS 0x0000000749300000, 0x0000000749300000| Untracked 
| 120|0x0000000749400000, 0x0000000749400000, 0x0000000749500000|  0%| F|  |TAMS 0x0000000749400000, 0x0000000749400000| Untracked 
| 121|0x0000000749500000, 0x0000000749500000, 0x0000000749600000|  0%| F|  |TAMS 0x0000000749500000, 0x0000000749500000| Untracked 
| 122|0x0000000749600000, 0x0000000749600000, 0x0000000749700000|  0%| F|  |TAMS 0x0000000749600000, 0x0000000749600000| Untracked 
| 123|0x0000000749700000, 0x0000000749700000, 0x0000000749800000|  0%| F|  |TAMS 0x0000000749700000, 0x0000000749700000| Untracked 
| 124|0x0000000749800000, 0x0000000749800000, 0x0000000749900000|  0%| F|  |TAMS 0x0000000749800000, 0x0000000749800000| Untracked 
| 125|0x0000000749900000, 0x0000000749900000, 0x0000000749a00000|  0%| F|  |TAMS 0x0000000749900000, 0x0000000749900000| Untracked 
| 126|0x0000000749a00000, 0x0000000749a00000, 0x0000000749b00000|  0%| F|  |TAMS 0x0000000749a00000, 0x0000000749a00000| Untracked 
| 127|0x0000000749b00000, 0x0000000749b00000, 0x0000000749c00000|  0%| F|  |TAMS 0x0000000749b00000, 0x0000000749b00000| Untracked 
| 128|0x0000000749c00000, 0x0000000749c00000, 0x0000000749d00000|  0%| F|  |TAMS 0x0000000749c00000, 0x0000000749c00000| Untracked 
| 129|0x0000000749d00000, 0x0000000749d00000, 0x0000000749e00000|  0%| F|  |TAMS 0x0000000749d00000, 0x0000000749d00000| Untracked 
| 130|0x0000000749e00000, 0x0000000749e00000, 0x0000000749f00000|  0%| F|  |TAMS 0x0000000749e00000, 0x0000000749e00000| Untracked 
| 131|0x0000000749f00000, 0x0000000749f00000, 0x000000074a000000|  0%| F|  |TAMS 0x0000000749f00000, 0x0000000749f00000| Untracked 
| 132|0x000000074a000000, 0x000000074a000000, 0x000000074a100000|  0%| F|  |TAMS 0x000000074a000000, 0x000000074a000000| Untracked 
| 133|0x000000074a100000, 0x000000074a100000, 0x000000074a200000|  0%| F|  |TAMS 0x000000074a100000, 0x000000074a100000| Untracked 
| 134|0x000000074a200000, 0x000000074a200000, 0x000000074a300000|  0%| F|  |TAMS 0x000000074a200000, 0x000000074a200000| Untracked 
| 135|0x000000074a300000, 0x000000074a300000, 0x000000074a400000|  0%| F|  |TAMS 0x000000074a300000, 0x000000074a300000| Untracked 
| 136|0x000000074a400000, 0x000000074a400000, 0x000000074a500000|  0%| F|  |TAMS 0x000000074a400000, 0x000000074a400000| Untracked 
| 137|0x000000074a500000, 0x000000074a500000, 0x000000074a600000|  0%| F|  |TAMS 0x000000074a500000, 0x000000074a500000| Untracked 
| 138|0x000000074a600000, 0x000000074a600000, 0x000000074a700000|  0%| F|  |TAMS 0x000000074a600000, 0x000000074a600000| Untracked 
| 139|0x000000074a700000, 0x000000074a700000, 0x000000074a800000|  0%| F|  |TAMS 0x000000074a700000, 0x000000074a700000| Untracked 
| 140|0x000000074a800000, 0x000000074a800000, 0x000000074a900000|  0%| F|  |TAMS 0x000000074a800000, 0x000000074a800000| Untracked 
| 141|0x000000074a900000, 0x000000074a900000, 0x000000074aa00000|  0%| F|  |TAMS 0x000000074a900000, 0x000000074a900000| Untracked 
| 142|0x000000074aa00000, 0x000000074aa00000, 0x000000074ab00000|  0%| F|  |TAMS 0x000000074aa00000, 0x000000074aa00000| Untracked 
| 143|0x000000074ab00000, 0x000000074ab00000, 0x000000074ac00000|  0%| F|  |TAMS 0x000000074ab00000, 0x000000074ab00000| Untracked 
| 144|0x000000074ac00000, 0x000000074ac00000, 0x000000074ad00000|  0%| F|  |TAMS 0x000000074ac00000, 0x000000074ac00000| Untracked 
| 145|0x000000074ad00000, 0x000000074ad00000, 0x000000074ae00000|  0%| F|  |TAMS 0x000000074ad00000, 0x000000074ad00000| Untracked 
| 146|0x000000074ae00000, 0x000000074ae00000, 0x000000074af00000|  0%| F|  |TAMS 0x000000074ae00000, 0x000000074ae00000| Untracked 
| 147|0x000000074af00000, 0x000000074af00000, 0x000000074b000000|  0%| F|  |TAMS 0x000000074af00000, 0x000000074af00000| Untracked 
| 148|0x000000074b000000, 0x000000074b000000, 0x000000074b100000|  0%| F|  |TAMS 0x000000074b000000, 0x000000074b000000| Untracked 
| 149|0x000000074b100000, 0x000000074b100000, 0x000000074b200000|  0%| F|  |TAMS 0x000000074b100000, 0x000000074b100000| Untracked 
| 150|0x000000074b200000, 0x000000074b200000, 0x000000074b300000|  0%| F|  |TAMS 0x000000074b200000, 0x000000074b200000| Untracked 
| 151|0x000000074b300000, 0x000000074b300000, 0x000000074b400000|  0%| F|  |TAMS 0x000000074b300000, 0x000000074b300000| Untracked 
| 152|0x000000074b400000, 0x000000074b400000, 0x000000074b500000|  0%| F|  |TAMS 0x000000074b400000, 0x000000074b400000| Untracked 
| 153|0x000000074b500000, 0x000000074b500000, 0x000000074b600000|  0%| F|  |TAMS 0x000000074b500000, 0x000000074b500000| Untracked 
| 154|0x000000074b600000, 0x000000074b600000, 0x000000074b700000|  0%| F|  |TAMS 0x000000074b600000, 0x000000074b600000| Untracked 
| 155|0x000000074b700000, 0x000000074b700000, 0x000000074b800000|  0%| F|  |TAMS 0x000000074b700000, 0x000000074b700000| Untracked 
| 156|0x000000074b800000, 0x000000074b800000, 0x000000074b900000|  0%| F|  |TAMS 0x000000074b800000, 0x000000074b800000| Untracked 
| 157|0x000000074b900000, 0x000000074b900000, 0x000000074ba00000|  0%| F|  |TAMS 0x000000074b900000, 0x000000074b900000| Untracked 
| 158|0x000000074ba00000, 0x000000074ba18f90, 0x000000074bb00000|  9%| S|CS|TAMS 0x000000074ba00000, 0x000000074ba00000| Complete 
| 159|0x000000074bb00000, 0x000000074bc00000, 0x000000074bc00000|100%| S|CS|TAMS 0x000000074bb00000, 0x000000074bb00000| Complete 
| 160|0x000000074bc00000, 0x000000074bd00000, 0x000000074bd00000|100%| E|  |TAMS 0x000000074bc00000, 0x000000074bc00000| Complete 
| 161|0x000000074bd00000, 0x000000074be00000, 0x000000074be00000|100%| E|CS|TAMS 0x000000074bd00000, 0x000000074bd00000| Complete 
| 162|0x000000074be00000, 0x000000074bf00000, 0x000000074bf00000|100%| E|CS|TAMS 0x000000074be00000, 0x000000074be00000| Complete 
| 163|0x000000074bf00000, 0x000000074c000000, 0x000000074c000000|100%| E|CS|TAMS 0x000000074bf00000, 0x000000074bf00000| Complete 
| 164|0x000000074c000000, 0x000000074c100000, 0x000000074c100000|100%| E|CS|TAMS 0x000000074c000000, 0x000000074c000000| Complete 
| 165|0x000000074c100000, 0x000000074c200000, 0x000000074c200000|100%| E|CS|TAMS 0x000000074c100000, 0x000000074c100000| Complete 
| 166|0x000000074c200000, 0x000000074c300000, 0x000000074c300000|100%| E|CS|TAMS 0x000000074c200000, 0x000000074c200000| Complete 
| 167|0x000000074c300000, 0x000000074c400000, 0x000000074c400000|100%| E|CS|TAMS 0x000000074c300000, 0x000000074c300000| Complete 
| 168|0x000000074c400000, 0x000000074c500000, 0x000000074c500000|100%| E|CS|TAMS 0x000000074c400000, 0x000000074c400000| Complete 
| 169|0x000000074c500000, 0x000000074c600000, 0x000000074c600000|100%| E|CS|TAMS 0x000000074c500000, 0x000000074c500000| Complete 
| 170|0x000000074c600000, 0x000000074c700000, 0x000000074c700000|100%| E|CS|TAMS 0x000000074c600000, 0x000000074c600000| Complete 
| 171|0x000000074c700000, 0x000000074c800000, 0x000000074c800000|100%| E|CS|TAMS 0x000000074c700000, 0x000000074c700000| Complete 
| 172|0x000000074c800000, 0x000000074c900000, 0x000000074c900000|100%| E|CS|TAMS 0x000000074c800000, 0x000000074c800000| Complete 
| 173|0x000000074c900000, 0x000000074ca00000, 0x000000074ca00000|100%| E|CS|TAMS 0x000000074c900000, 0x000000074c900000| Complete 
| 174|0x000000074ca00000, 0x000000074cb00000, 0x000000074cb00000|100%| E|CS|TAMS 0x000000074ca00000, 0x000000074ca00000| Complete 
| 175|0x000000074cb00000, 0x000000074cc00000, 0x000000074cc00000|100%| E|CS|TAMS 0x000000074cb00000, 0x000000074cb00000| Complete 
| 176|0x000000074cc00000, 0x000000074cd00000, 0x000000074cd00000|100%| E|CS|TAMS 0x000000074cc00000, 0x000000074cc00000| Complete 
| 177|0x000000074cd00000, 0x000000074ce00000, 0x000000074ce00000|100%| E|CS|TAMS 0x000000074cd00000, 0x000000074cd00000| Complete 
| 178|0x000000074ce00000, 0x000000074cf00000, 0x000000074cf00000|100%| E|CS|TAMS 0x000000074ce00000, 0x000000074ce00000| Complete 
| 179|0x000000074cf00000, 0x000000074d000000, 0x000000074d000000|100%| E|CS|TAMS 0x000000074cf00000, 0x000000074cf00000| Complete 
| 180|0x000000074d000000, 0x000000074d100000, 0x000000074d100000|100%| E|CS|TAMS 0x000000074d000000, 0x000000074d000000| Complete 
| 181|0x000000074d100000, 0x000000074d200000, 0x000000074d200000|100%| E|CS|TAMS 0x000000074d100000, 0x000000074d100000| Complete 
| 182|0x000000074d200000, 0x000000074d300000, 0x000000074d300000|100%| E|CS|TAMS 0x000000074d200000, 0x000000074d200000| Complete 
| 183|0x000000074d300000, 0x000000074d400000, 0x000000074d400000|100%| E|CS|TAMS 0x000000074d300000, 0x000000074d300000| Complete 
| 184|0x000000074d400000, 0x000000074d500000, 0x000000074d500000|100%| E|CS|TAMS 0x000000074d400000, 0x000000074d400000| Complete 
| 185|0x000000074d500000, 0x000000074d600000, 0x000000074d600000|100%| E|CS|TAMS 0x000000074d500000, 0x000000074d500000| Complete 
| 186|0x000000074d600000, 0x000000074d700000, 0x000000074d700000|100%| E|CS|TAMS 0x000000074d600000, 0x000000074d600000| Complete 
| 187|0x000000074d700000, 0x000000074d800000, 0x000000074d800000|100%| E|CS|TAMS 0x000000074d700000, 0x000000074d700000| Complete 
| 188|0x000000074d800000, 0x000000074d900000, 0x000000074d900000|100%| E|CS|TAMS 0x000000074d800000, 0x000000074d800000| Complete 
| 189|0x000000074d900000, 0x000000074da00000, 0x000000074da00000|100%| E|CS|TAMS 0x000000074d900000, 0x000000074d900000| Complete 
| 190|0x000000074da00000, 0x000000074db00000, 0x000000074db00000|100%| E|CS|TAMS 0x000000074da00000, 0x000000074da00000| Complete 
| 191|0x000000074db00000, 0x000000074dc00000, 0x000000074dc00000|100%| E|CS|TAMS 0x000000074db00000, 0x000000074db00000| Complete 

Card table byte_map: [0x00000267f2f10000,0x00000267f3510000] _byte_map_base: 0x00000267ef502000

Marking Bits (Prev, Next): (CMBitMap*) 0x00000267e7d9b298, (CMBitMap*) 0x00000267e7d9b2d8
 Prev Bits: [0x00000267f3b10000, 0x00000267f6aa0000)
 Next Bits: [0x00000267f6aa0000, 0x00000267f9a30000)

Polling page: 0x00000267e7e00000

Metaspace:

Usage:
  Non-class:     12.56 MB capacity,    11.64 MB ( 93%) used,   925.29 KB (  7%) free+waste,    18.50 KB ( <1%) overhead. 
      Class:      1.73 MB capacity,     1.56 MB ( 90%) used,   169.91 KB ( 10%) free+waste,     8.63 KB ( <1%) overhead. 
       Both:     14.29 MB capacity,    13.20 MB ( 92%) used,     1.07 MB (  7%) free+waste,    27.13 KB ( <1%) overhead. 

Virtual space:
  Non-class space:       14.00 MB reserved,      12.75 MB ( 91%) committed 
      Class space:        1.00 GB reserved,       1.75 MB ( <1%) committed 
             Both:        1.01 GB reserved,      14.50 MB (  1%) committed 

Chunk freelists:
   Non-Class:  4.00 KB
       Class:  16.00 KB
        Both:  20.00 KB

MaxMetaspaceSize: 17179869184.00 GB
CompressedClassSpaceSize: 1.00 GB

CodeHeap 'non-profiled nmethods': size=120000Kb used=993Kb max_used=993Kb free=119006Kb
 bounds [0x0000026787ad0000, 0x0000026787d40000, 0x000002678f000000]
CodeHeap 'profiled nmethods': size=120000Kb used=4740Kb max_used=4740Kb free=115260Kb
 bounds [0x00000267805a0000, 0x0000026780a50000, 0x0000026787ad0000]
CodeHeap 'non-nmethods': size=5760Kb used=1211Kb max_used=1241Kb free=4548Kb
 bounds [0x0000026780000000, 0x0000026780270000, 0x00000267805a0000]
 total_blobs=2750 nmethods=2277 adapters=385
 compilation: enabled
              stopped_count=0, restarted_count=0
 full_count=0

Compilation events (20 events):
Event: 1.285 Thread 0x00000267fc49c000 nmethod 2231 0x0000026787bbf490 code [0x0000026787bbf620, 0x0000026787bbf6f8]
Event: 1.285 Thread 0x00000267fc49c000 2232       3       sun.nio.cs.UTF_8$Decoder::decodeArrayLoop (691 bytes)
Event: 1.290 Thread 0x00000267fc49c000 nmethod 2232 0x0000026780a24410 code [0x0000026780a24dc0, 0x0000026780a2b6a8]
Event: 1.290 Thread 0x00000267fc49c000 2233       3       org.apache.maven.model.io.xpp3.MavenXpp3Reader::nextTag (64 bytes)
Event: 1.291 Thread 0x00000267fc49c000 nmethod 2233 0x0000026780a2d410 code [0x0000026780a2d6a0, 0x0000026780a2e298]
Event: 1.291 Thread 0x00000267fc49c000 2234       3       org.apache.maven.model.io.xpp3.MavenXpp3Reader::interpolatedTrimmed (16 bytes)
Event: 1.292 Thread 0x00000267fc49c000 nmethod 2234 0x0000026780a2e710 code [0x0000026780a2e8c0, 0x0000026780a2eb68]
Event: 1.292 Thread 0x00000267fc49c000 2236       3       org.apache.maven.model.io.xpp3.MavenXpp3Reader$1::transform (2 bytes)
Event: 1.292 Thread 0x00000267fc49c000 nmethod 2236 0x0000026780a2ed10 code [0x0000026780a2eea0, 0x0000026780a2efb8]
Event: 1.292 Thread 0x00000267fc49c000 2237       3       org.apache.maven.model.io.xpp3.MavenXpp3Reader::getTrimmedValue (11 bytes)
Event: 1.292 Thread 0x00000267fc49c000 nmethod 2237 0x0000026780a2f090 code [0x0000026780a2f260, 0x0000026780a2f5f8]
Event: 1.292 Thread 0x00000267fc49c000 2241       1       org.codehaus.plexus.util.xml.Xpp3Dom::getName (5 bytes)
Event: 1.292 Thread 0x00000267fc49c000 nmethod 2241 0x0000026787bbf790 code [0x0000026787bbf920, 0x0000026787bbf9f8]
Event: 1.292 Thread 0x00000267fc49c000 2242       1       java.util.stream.FindOps$FindOp::getOpFlags (5 bytes)
Event: 1.292 Thread 0x00000267fc49c000 nmethod 2242 0x0000026787bbfa90 code [0x0000026787bbfc20, 0x0000026787bbfcf8]
Event: 1.293 Thread 0x00000267fc49c000 2243       3       org.codehaus.plexus.util.xml.Xpp3Dom::getAttributeNames (45 bytes)
Event: 1.293 Thread 0x00000267fc49c000 nmethod 2243 0x0000026780a2f710 code [0x0000026780a2f8e0, 0x0000026780a2fe28]
Event: 1.293 Thread 0x00000267fc49c000 2244       3       org.eclipse.sisu.inject.LazyBeanEntry::getValue (10 bytes)
Event: 1.294 Thread 0x00000267fc49c000 nmethod 2244 0x0000026780a2ff90 code [0x0000026780a30140, 0x0000026780a30328]
Event: 1.294 Thread 0x00000267fc49c000 2246       3       org.codehaus.plexus.util.xml.Xpp3Dom::<init> (125 bytes)

GC Heap History (4 events):
Event: 0.543 GC heap before
{Heap before GC invocations=0 (full 0):
 garbage-first heap   total 196608K, used 22528K [0x0000000741c00000, 0x0000000800000000)
  region size 1024K, 23 young (23552K), 0 survivors (0K)
 Metaspace       used 5842K, capacity 7788K, committed 7808K, reserved 1056768K
  class space    used 683K, capacity 878K, committed 896K, reserved 1048576K
}
Event: 0.547 GC heap after
{Heap after GC invocations=1 (full 0):
 garbage-first heap   total 196608K, used 3639K [0x0000000741c00000, 0x0000000800000000)
  region size 1024K, 3 young (3072K), 3 survivors (3072K)
 Metaspace       used 5842K, capacity 7788K, committed 7808K, reserved 1056768K
  class space    used 683K, capacity 878K, committed 896K, reserved 1048576K
}
Event: 0.830 GC heap before
{Heap before GC invocations=1 (full 0):
 garbage-first heap   total 196608K, used 33335K [0x0000000741c00000, 0x0000000800000000)
  region size 1024K, 32 young (32768K), 3 survivors (3072K)
 Metaspace       used 8698K, capacity 10371K, committed 10496K, reserved 1058816K
  class space    used 1031K, capacity 1245K, committed 1280K, reserved 1048576K
}
Event: 0.833 GC heap after
{Heap after GC invocations=2 (full 0):
 garbage-first heap   total 196608K, used 4650K [0x0000000741c00000, 0x0000000800000000)
  region size 1024K, 2 young (2048K), 2 survivors (2048K)
 Metaspace       used 8698K, capacity 10371K, committed 10496K, reserved 1058816K
  class space    used 1031K, capacity 1245K, committed 1280K, reserved 1048576K
}

Deoptimization events (20 events):
Event: 1.136 Thread 0x00000267e9e45000 DEOPT PACKING pc=0x0000026787b689c8 sp=0x000000a9578fd070
Event: 1.136 Thread 0x00000267e9e45000 DEOPT UNPACKING pc=0x000002678004912f sp=0x000000a9578fced0 mode 2
Event: 1.136 Thread 0x00000267e9e45000 Uncommon trap: trap_request=0xffffffbe fr.pc=0x0000026787b80514 relative=0x0000000000002ed4
Event: 1.136 Thread 0x00000267e9e45000 Uncommon trap: reason=profile_predicate action=maybe_recompile pc=0x0000026787b80514 method=jdk.internal.jimage.ImageStringsReader.unmaskedHashCode(Ljava/lang/String;I)I @ 13 c2
Event: 1.136 Thread 0x00000267e9e45000 DEOPT PACKING pc=0x0000026787b80514 sp=0x000000a9578fd2a0
Event: 1.136 Thread 0x00000267e9e45000 DEOPT UNPACKING pc=0x000002678004912f sp=0x000000a9578fd068 mode 2
Event: 1.188 Thread 0x00000267e9e45000 DEOPT PACKING pc=0x000002678091fad0 sp=0x000000a9578fd580
Event: 1.188 Thread 0x00000267e9e45000 DEOPT UNPACKING pc=0x000002678004964e sp=0x000000a9578fca08 mode 0
Event: 1.219 Thread 0x00000267e9e45000 Uncommon trap: trap_request=0xffffff45 fr.pc=0x0000026787b59714 relative=0x0000000000000954
Event: 1.219 Thread 0x00000267e9e45000 Uncommon trap: reason=unstable_if action=reinterpret pc=0x0000026787b59714 method=java.lang.String.replace(CC)Ljava/lang/String; @ 2 c2
Event: 1.219 Thread 0x00000267e9e45000 DEOPT PACKING pc=0x0000026787b59714 sp=0x000000a9578fd560
Event: 1.219 Thread 0x00000267e9e45000 DEOPT UNPACKING pc=0x000002678004912f sp=0x000000a9578fd520 mode 2
Event: 1.270 Thread 0x00000267e9e45000 DEOPT PACKING pc=0x000002678091fad0 sp=0x000000a9578fd0b0
Event: 1.270 Thread 0x00000267e9e45000 DEOPT UNPACKING pc=0x000002678004964e sp=0x000000a9578fc538 mode 0
Event: 1.285 Thread 0x00000267e9e45000 Uncommon trap: trap_request=0xffffff45 fr.pc=0x0000026787b3a030 relative=0x00000000000003b0
Event: 1.285 Thread 0x00000267e9e45000 Uncommon trap: reason=unstable_if action=reinterpret pc=0x0000026787b3a030 method=sun.nio.cs.UTF_8$Decoder.decodeArrayLoop(Ljava/nio/ByteBuffer;Ljava/nio/CharBuffer;)Ljava/nio/charset/CoderResult; @ 84 c2
Event: 1.285 Thread 0x00000267e9e45000 DEOPT PACKING pc=0x0000026787b3a030 sp=0x000000a9578fcc70
Event: 1.285 Thread 0x00000267e9e45000 DEOPT UNPACKING pc=0x000002678004912f sp=0x000000a9578fcbb0 mode 2
Event: 1.292 Thread 0x00000267e9e45000 DEOPT PACKING pc=0x000002678091fad0 sp=0x000000a9578fcf30
Event: 1.292 Thread 0x00000267e9e45000 DEOPT UNPACKING pc=0x000002678004964e sp=0x000000a9578fc3b8 mode 0

Classes unloaded (0 events):
No events

Classes redefined (0 events):
No events

Internal exceptions (5 events):
Event: 0.157 Thread 0x00000267e9e45000 Exception <a 'java/lang/NoSuchMethodError'{0x000000074d769880}: 'int java.lang.invoke.DirectMethodHandle$Holder.invokeSpecialIFC(java.lang.Object, java.lang.Object, int)'> (0x000000074d769880) 
thrown [./open/src/hotspot/share/interpreter/linkResolver.cpp, line 766]
Event: 0.190 Thread 0x00000267e9e45000 Exception <a 'java/lang/NoSuchMethodError'{0x000000074d697ea0}: 'java.lang.Object java.lang.invoke.DirectMethodHandle$Holder.invokeStaticInit(java.lang.Object, int, int, int, int)'> (0x000000074d697ea0) 
thrown [./open/src/hotspot/share/interpreter/linkResolver.cpp, line 766]
Event: 0.246 Thread 0x00000267e9e45000 Exception <a 'java/lang/NoSuchMethodError'{0x000000074d6db4d0}: 'java.lang.Object java.lang.invoke.DirectMethodHandle$Holder.invokeStaticInit(java.lang.Object, java.lang.Object, int, int, int, int)'> (0x000000074d6db4d0) 
thrown [./open/src/hotspot/share/interpreter/linkResolver.cpp, line 766]
Event: 1.051 Thread 0x00000267e9e45000 Exception <a 'java/lang/NoClassDefFoundError'{0x000000074cae6c98}: com/google/inject/servlet/ServletModuleTargetVisitor> (0x000000074cae6c98) 
thrown [./open/src/hotspot/share/classfile/systemDictionary.cpp, line 215]
Event: 1.051 Thread 0x00000267e9e45000 Exception <a 'java/lang/NoClassDefFoundError'{0x000000074caea140}: javax/annotation/Priority> (0x000000074caea140) 
thrown [./open/src/hotspot/share/classfile/systemDictionary.cpp, line 215]

Events (20 events):
Event: 1.266 loading class sun/nio/ch/NativeThreadSet
Event: 1.266 loading class sun/nio/ch/NativeThreadSet done
Event: 1.266 loading class sun/nio/ch/FileDispatcherImpl
Event: 1.266 loading class sun/nio/ch/FileDispatcher
Event: 1.266 loading class sun/nio/ch/FileDispatcher done
Event: 1.266 loading class sun/nio/ch/FileDispatcherImpl done
Event: 1.267 loading class sun/nio/ch/FileLockImpl
Event: 1.267 loading class java/nio/channels/FileLock
Event: 1.267 loading class java/nio/channels/FileLock done
Event: 1.267 loading class sun/nio/ch/FileLockImpl done
Event: 1.267 loading class sun/nio/ch/FileLockTable
Event: 1.267 loading class sun/nio/ch/FileLockTable done
Event: 1.267 loading class sun/nio/ch/FileKey
Event: 1.267 loading class sun/nio/ch/FileKey done
Event: 1.267 loading class sun/nio/ch/FileLockTable$FileLockReference
Event: 1.267 loading class sun/nio/ch/FileLockTable$FileLockReference done
Event: 1.267 loading class java/nio/channels/spi/AbstractInterruptibleChannel$1
Event: 1.267 loading class sun/nio/ch/Interruptible
Event: 1.267 loading class sun/nio/ch/Interruptible done
Event: 1.267 loading class java/nio/channels/spi/AbstractInterruptibleChannel$1 done


Dynamic libraries:
0x00007ff684f20000 - 0x00007ff684f2f000 	C:\Program Files\Java\jdk-14.0.2\bin\java.exe
0x00007ffa874e0000 - 0x00007ffa876d0000 	C:\WINDOWS\SYSTEM32\ntdll.dll
0x00007ffa85b10000 - 0x00007ffa85bc2000 	C:\WINDOWS\System32\KERNEL32.DLL
0x00007ffa84520000 - 0x00007ffa847c3000 	C:\WINDOWS\System32\KERNELBASE.dll
0x00007ffa84f50000 - 0x00007ffa8504a000 	C:\WINDOWS\System32\ucrtbase.dll
0x00007ffa83e60000 - 0x00007ffa83e78000 	C:\Program Files\Java\jdk-14.0.2\bin\jli.dll
0x00007ffa81ab0000 - 0x00007ffa81ac5000 	C:\Program Files\Java\jdk-14.0.2\bin\VCRUNTIME140.dll
0x00007ffa85750000 - 0x00007ffa857f3000 	C:\WINDOWS\System32\ADVAPI32.dll
0x00007ffa866f0000 - 0x00007ffa8678e000 	C:\WINDOWS\System32\msvcrt.dll
0x00007ffa87050000 - 0x00007ffa870e7000 	C:\WINDOWS\System32\sechost.dll
0x00007ffa859f0000 - 0x00007ffa85b10000 	C:\WINDOWS\System32\RPCRT4.dll
0x00007ffa86dc0000 - 0x00007ffa86f54000 	C:\WINDOWS\System32\USER32.dll
0x00007ffa85560000 - 0x00007ffa85581000 	C:\WINDOWS\System32\win32u.dll
0x00007ffa838b0000 - 0x00007ffa83b35000 	C:\WINDOWS\WinSxS\amd64_microsoft.windows.common-controls_6595b64144ccf1df_6.0.18362.778_none_e6c6b761130d4fb8\COMCTL32.dll
0x00007ffa85960000 - 0x00007ffa85986000 	C:\WINDOWS\System32\GDI32.dll
0x00007ffa863b0000 - 0x00007ffa866e6000 	C:\WINDOWS\System32\combase.dll
0x00007ffa85320000 - 0x00007ffa854b4000 	C:\WINDOWS\System32\gdi32full.dll
0x00007ffa84470000 - 0x00007ffa844f0000 	C:\WINDOWS\System32\bcryptPrimitives.dll
0x00007ffa854c0000 - 0x00007ffa8555e000 	C:\WINDOWS\System32\msvcp_win.dll
0x00007ffa7c4e0000 - 0x00007ffa7c4ea000 	C:\WINDOWS\SYSTEM32\VERSION.dll
0x00007ffa870f0000 - 0x00007ffa8711e000 	C:\WINDOWS\System32\IMM32.DLL
0x00007ffa81200000 - 0x00007ffa8129b000 	C:\Program Files\Java\jdk-14.0.2\bin\msvcp140.dll
0x00007ffa55f00000 - 0x00007ffa56a1e000 	C:\Program Files\Java\jdk-14.0.2\bin\server\jvm.dll
0x00007ffa87240000 - 0x00007ffa87248000 	C:\WINDOWS\System32\PSAPI.DLL
0x00007ffa81020000 - 0x00007ffa81044000 	C:\WINDOWS\SYSTEM32\WINMM.dll
0x00007ffa70360000 - 0x00007ffa70369000 	C:\WINDOWS\SYSTEM32\WSOCK32.dll
0x00007ffa862c0000 - 0x00007ffa8632f000 	C:\WINDOWS\System32\WS2_32.dll
0x00007ffa80ba0000 - 0x00007ffa80bcd000 	C:\WINDOWS\SYSTEM32\WINMMBASE.dll
0x00007ffa852d0000 - 0x00007ffa8531a000 	C:\WINDOWS\System32\cfgmgr32.dll
0x00007ffa84450000 - 0x00007ffa84461000 	C:\WINDOWS\System32\kernel.appcore.dll
0x00007ffa811d0000 - 0x00007ffa811da000 	C:\Program Files\Java\jdk-14.0.2\bin\jimage.dll
0x00007ffa83ec0000 - 0x00007ffa840b4000 	C:\WINDOWS\SYSTEM32\DBGHELP.DLL
0x00007ffa83dd0000 - 0x00007ffa83dfa000 	C:\WINDOWS\SYSTEM32\dbgcore.DLL
0x00007ffa7d640000 - 0x00007ffa7d64e000 	C:\Program Files\Java\jdk-14.0.2\bin\instrument.dll
0x00007ffa7e590000 - 0x00007ffa7e5b5000 	C:\Program Files\Java\jdk-14.0.2\bin\java.dll
0x00007ffa7d770000 - 0x00007ffa7d786000 	C:\Program Files\Java\jdk-14.0.2\bin\zip.dll
0x00007ffa85bd0000 - 0x00007ffa862b5000 	C:\WINDOWS\System32\SHELL32.dll
0x00007ffa873f0000 - 0x00007ffa87499000 	C:\WINDOWS\System32\shcore.dll
0x00007ffa847d0000 - 0x00007ffa84f50000 	C:\WINDOWS\System32\windows.storage.dll
0x00007ffa84420000 - 0x00007ffa84443000 	C:\WINDOWS\System32\profapi.dll
0x00007ffa843b0000 - 0x00007ffa843fa000 	C:\WINDOWS\System32\powrprof.dll
0x00007ffa843a0000 - 0x00007ffa843b0000 	C:\WINDOWS\System32\UMPDC.dll
0x00007ffa85990000 - 0x00007ffa859e2000 	C:\WINDOWS\System32\shlwapi.dll
0x00007ffa85050000 - 0x00007ffa85067000 	C:\WINDOWS\System32\cryptsp.dll
0x0000000056530000 - 0x0000000056541000 	C:\Program Files\Common Files\Crypto Pro\AppCompat\cpadvai.dll
0x0000000056500000 - 0x0000000056507000 	C:\Program Files\Common Files\Crypto Pro\AppCompat\detoured.dll
0x00007ffa7d750000 - 0x00007ffa7d769000 	C:\Program Files\Java\jdk-14.0.2\bin\net.dll
0x00007ffa79180000 - 0x00007ffa79270000 	C:\WINDOWS\SYSTEM32\WINHTTP.dll
0x00007ffa83110000 - 0x00007ffa83177000 	C:\WINDOWS\system32\mswsock.dll
0x00007ffa7d680000 - 0x00007ffa7d692000 	C:\Program Files\Java\jdk-14.0.2\bin\nio.dll
0x00007ffa7fb70000 - 0x00007ffa7fb80000 	C:\Program Files\Java\jdk-14.0.2\bin\verify.dll
0x00007ffa82c80000 - 0x00007ffa82cb3000 	C:\WINDOWS\system32\rsaenh.dll
0x00000267fd9c0000 - 0x00000267fd9e6000 	C:\WINDOWS\System32\bcrypt.dll
0x00007ffa842c0000 - 0x00007ffa842e5000 	C:\WINDOWS\SYSTEM32\USERENV.dll
0x00007ffa83760000 - 0x00007ffa8376c000 	C:\WINDOWS\SYSTEM32\CRYPTBASE.dll
0x00007ffa82e20000 - 0x00007ffa82e5a000 	C:\WINDOWS\SYSTEM32\IPHLPAPI.DLL
0x00007ffa85590000 - 0x00007ffa85598000 	C:\WINDOWS\System32\NSI.dll
0x00007ffa7bd50000 - 0x00007ffa7bd66000 	C:\WINDOWS\SYSTEM32\dhcpcsvc6.DLL
0x00007ffa7bd30000 - 0x00007ffa7bd4c000 	C:\WINDOWS\SYSTEM32\dhcpcsvc.DLL
0x00007ffa82e60000 - 0x00007ffa82f2a000 	C:\WINDOWS\SYSTEM32\DNSAPI.dll
0x00007ffa7d630000 - 0x00007ffa7d63a000 	C:\Users\prime\AppData\Local\Temp\jansi-1.17.1-1181013750576687634.dll
0x00007ffa7d600000 - 0x00007ffa7d60a000 	C:\Users\prime\AppData\Local\Temp\jansi-1.17.1-13873893819933538224.dll

dbghelp: loaded successfully - version: 4.0.5 - missing functions: none
symbol engine: initialized successfully - sym options: 0x614 - pdb path: .;C:\Program Files\Java\jdk-14.0.2\bin;C:\WINDOWS\SYSTEM32;C:\WINDOWS\WinSxS\amd64_microsoft.windows.common-controls_6595b64144ccf1df_6.0.18362.778_none_e6c6b761130d4fb8;C:\Program Files\Java\jdk-14.0.2\bin\server;C:\Program Files\Common Files\Crypto Pro\AppCompat;C:\Users\prime\AppData\Local\Temp

VM Arguments:
jvm_args: -Dmaven.multiModuleProjectDirectory=D:\main1\spring-mvc-1 -Dmaven.home=D:\Новая папка (2)\IntelliJ IDEA 2020.2.3\plugins\maven\lib\maven3 -Dclassworlds.conf=D:\Новая папка (2)\IntelliJ IDEA 2020.2.3\plugins\maven\lib\maven3\bin\m2.conf -Dmaven.ext.class.path=D:\Новая папка (2)\IntelliJ IDEA 2020.2.3\plugins\maven\lib\maven-event-listener.jar -javaagent:D:\Новая папка (2)\IntelliJ IDEA 2020.2.3\lib\idea_rt.jar=51332:D:\Новая папка (2)\IntelliJ IDEA 2020.2.3\bin -Dfile.encoding=UTF-8 
java_command: org.codehaus.classworlds.Launcher -Didea.version=2020.2.3 clean
java_class_path (initial): D:\Новая папка (2)\IntelliJ IDEA 2020.2.3\plugins\maven\lib\maven3\boot\plexus-classworlds-2.6.0.jar;D:\Новая папка (2)\IntelliJ IDEA 2020.2.3\plugins\maven\lib\maven3\boot\plexus-classworlds.license
Launcher Type: SUN_STANDARD

[Global flags]
     intx CICompilerCount                          = 4                                         {product} {ergonomic}
     uint ConcGCThreads                            = 2                                         {product} {ergonomic}
     uint G1ConcRefinementThreads                  = 8                                         {product} {ergonomic}
   size_t G1HeapRegionSize                         = 1048576                                   {product} {ergonomic}
    uintx GCDrainStackTargetSize                   = 64                                        {product} {ergonomic}
   size_t InitialHeapSize                          = 201326592                                 {product} {ergonomic}
   size_t MarkStackSize                            = 4194304                                   {product} {ergonomic}
   size_t MaxHeapSize                              = 3191865344                                {product} {ergonomic}
   size_t MaxNewSize                               = 1914699776                                {product} {ergonomic}
   size_t MinHeapDeltaBytes                        = 1048576                                   {product} {ergonomic}
   size_t MinHeapSize                              = 8388608                                   {product} {ergonomic}
    uintx NonNMethodCodeHeapSize                   = 5839372                                {pd product} {ergonomic}
    uintx NonProfiledCodeHeapSize                  = 122909434                              {pd product} {ergonomic}
    uintx ProfiledCodeHeapSize                     = 122909434                              {pd product} {ergonomic}
    uintx ReservedCodeCacheSize                    = 251658240                              {pd product} {ergonomic}
     bool SegmentedCodeCache                       = true                                      {product} {ergonomic}
   size_t SoftMaxHeapSize                          = 3191865344                             {manageable} {ergonomic}
     bool UseCompressedClassPointers               = true                                 {lp64_product} {ergonomic}
     bool UseCompressedOops                        = true                                 {lp64_product} {ergonomic}
     bool UseG1GC                                  = true                                      {product} {ergonomic}
     bool UseLargePagesIndividualAllocation        = false                                  {pd product} {ergonomic}

Logging:
Log output configuration:
 #0: stdout all=warning uptime,level,tags
 #1: stderr all=off uptime,level,tags

Environment Variables:
JAVA_HOME=C:\Program Files\Java\jdk-14.0.2\
JRE_HOME=C:\Program Files\Java\jre1.8.0_261\
PATH=C:\Program Files (x86)\Common Files\Oracle\Java\javapath;C:\Program Files (x86)\Intel\iCLS Client\;C:\Program Files\Intel\iCLS Client\;C:\windows\system32;C:\windows;C:\windows\System32\Wbem;C:\windows\System32\WindowsPowerShell\v1.0\;C:\Program Files (x86)\Intel\Intel(R) Management Engine Components\DAL;C:\Program Files\Intel\Intel(R) Management Engine Components\DAL;C:\Program Files (x86)\Intel\Intel(R) Management Engine Components\IPT;C:\Program Files\Intel\Intel(R) Management Engine Components\IPT;C:\Program Files (x86)\NVIDIA Corporation\PhysX\Common;C:\WINDOWS\system32;C:\WINDOWS;C:\WINDOWS\System32\Wbem;C:\WINDOWS\System32\WindowsPowerShell\v1.0\;C:\WINDOWS\System32\OpenSSH\;C:\Program Files\Intel\WiFi\bin\;C:\Program Files\Common Files\Intel\WirelessCommon\;C:\Program Files\Java\jdk-14.0.2\bin;C:\Program Files\Java\jre1.8.0_261\lim\amd64\jvm.cfg;C:\Program Files\Git\cmd;C:\Program Files\MySQL\MySQL Shell 8.0\bin\;C:\Users\prime\AppData\Local\Programs\Python\Python37-32\Scripts\;C:\Users\prime\AppData\Local\Programs\Python\Python37-32\;C:\Users\prime\AppData\Local\Microsoft\WindowsApps;C:\Users\prime\AppData\Local\GitHubDesktop\bin;C:\Users\prime\Microsoft VS Code\bin;C:\Program Files\Java\jdk-14.0.2\bin;
USERNAME=prime
OS=Windows_NT
PROCESSOR_IDENTIFIER=Intel64 Family 6 Model 158 Stepping 9, GenuineIntel



---------------  S Y S T E M  ---------------

OS: Windows 10 , 64 bit Build 18362 (10.0.18362.778)
OS uptime: 1 days 5:00 hours

CPU:total 8 (initial active 8) (4 cores per cpu, 2 threads per core) family 6 model 158 stepping 9, cmov, cx8, fxsr, mmx, sse, sse2, sse3, ssse3, sse4.1, sse4.2, popcnt, avx, avx2, aes, clmul, erms, 3dnowpref, lzcnt, ht, tsc, tscinvbit, bmi1, bmi2, adx, fma

Memory: 4k page, system-wide physical 12173M (2814M free)
TotalPageFile size 16173M (AvailPageFile size 5M)
current process WorkingSet (physical memory assigned to process): 121M, peak: 121M
current process commit charge ("private bytes"): 325M, peak: 325M

vm_info: Java HotSpot(TM) 64-Bit Server VM (14.0.2+12-46) for windows-amd64 JRE (14.0.2+12-46), built on Jul  9 2020 00:35:52 by "mach5one" with MS VC++ 15.9 (VS2017)

END.
